C51 COMPILER V9.59.0.0   CONFIG                                                            02/03/2026 11:17:50 PAGE 1   


C51 COMPILER V9.59.0.0, COMPILATION OF MODULE CONFIG
OBJECT MODULE PLACED IN .\config.obj
COMPILER INVOKED BY: D:\Software\keil_c51\C51\BIN\C51.EXE ..\..\..\CONFIG\config.c OMF2 OPTIMIZE(8,SPEED) BROWSE INCDIR(
                    -../../../Library/Include;../../../Library/Source;../../../2_CMSIS;../../../user_com;..\..\..\IIC;..\..\..\DELAY;..\..\..
                    -\CONFIG;..\..\..\SW630X) DEBUG PRINT(.\config.lst) TABS(2) OBJECT(.\config.obj)

line level    source

   1          #include "config.h"
   2          #include "SW6301.h"
   3          #include "SW6303.h"
   4          
   5          unsigned char dizuo_flay;
   6          unsigned char key_time_flay;
   7          unsigned int power_time_1ms;
   8          unsigned int key_time_1ms;
   9          unsigned int sleep_time_1ms;
  10          unsigned int LED_time_1ms;
  11          
  12           unsigned char IIC_ADDRESS;
  13           unsigned char IIC_DAT;
  14          
  15          unsigned char SLEED_FLAY;
  16          unsigned char POWE_16_1_NUM;
  17          unsigned char POWE_16_2_NUM;
  18          unsigned char POWE_16_2_A_NUM;
  19          unsigned int SLEED_TIME_S;
  20          
  21          
  22          extern unsigned char int_flay;
  23          unsigned char VALUE_100;
  24          unsigned char NTC_FLAY_ONE;
  25          unsigned char ntc_time;
  26          unsigned int VALUE_0_FLAY;
  27          
  28          extern unsigned int Cnt_Keys;
  29          void SLEEP_Fun(unsigned char port_n)
  30          {
  31   1        static unsigned int  num;
  32   1        if(port_n == 0x00)
  33   1        {
  34   2      
  35   2            if((sleep_time_1ms >= SLEED_TIME_S) || (key_sta == 2 ))
  36   2            {
  37   3              
  38   3              Cnt_Keys = 0;
  39   3              LED_Bright = 0;
  40   3              VALUE_100 = 0;
  41   3              SLEED_FLAY = 0;
  42   3              sleep_time_1ms = 0;
  43   3              ntc_time = 0;
  44   3              
  45   3              guang_shuchu();                           //ł¤°´°´ĽüąŘ»úşóŁ¬»ąÔÚ·Ĺµç
  46   3              IIC_ADDRESS = 0X21;   // ąŘĘäłö
  47   3              SW6301_IIC_READ();
  48   3              IIC_DAT |= (1<<5);
  49   3              SW6301_IIC_WRITE(); 
  50   3              
  51   3              IIC_ADDRESS = 0XA4;   // 
  52   3              SW6301_IIC_READ();
  53   3              IIC_DAT &= ~(1<<3);   
C51 COMPILER V9.59.0.0   CONFIG                                                            02/03/2026 11:17:50 PAGE 2   

  54   3              SW6301_IIC_WRITE();         
  55   3              
  56   3              IIC_ADDRESS = 0X23;   // żŞµÍą¦şÄ
  57   3              SW6303_IIC_READ();
  58   3              IIC_DAT &= ~(1<<0);   
  59   3        //      IIC_DAT = 0;
  60   3              SW6303_IIC_WRITE(); 
  61   3      
  62   3              IIC_ADDRESS = 0X23;     //  żŞµÍą¦şÄ
  63   3              SW6301_IIC_READ();
  64   3              IIC_DAT &= ~(1<<0);      
  65   3        //      IIC_DAT = 0;
  66   3              SW6301_IIC_WRITE();     
  67   3      
  68   3          
  69   3              LED1 = 0;
  70   3              LED2 = 0;
  71   3              LED3 = 0;
  72   3              
  73   3              P00 = 0;
  74   3      
  75   3      //        LED1_IN ;
  76   3      //        LED2_IN ;
  77   3      //        LED3_IN ;
  78   3              ADC_DIS;
  79   3      
  80   3              P15_OUT_EN;
  81   3              P16_OUT_EN;
  82   3              P15_IN_DIS
  83   3              P16_IN_DIS
  84   3              P15 = 0;
  85   3              P16 = 0;
  86   3              P10_OUT_DIS; P10_IN_EN;
  87   3              P07_OUT_DIS; P07_IN_EN;
  88   3              P06_OUT_DIS; P06_IN_EN;
  89   3              P05_OUT_DIS; P05_IN_EN;
  90   3      
  91   3              TMR0_DIS;
  92   3              CLR_WDT;
  93   3              
  94   3              //if(((dizuo_flay==0) && P06 && P20)  || key_sta == 2)
  95   3              if(((dizuo_flay==0) && P06 && P20) || VALUE_0_FLAY || key_sta == 2)
  96   3              {
  97   4                key_sta = 0;
  98   4                WKUP_T_8US;
  99   4                SLEEP_MD; 
 100   4      
 101   4              
 102   4      //          int_flay = 0; 
 103   4      //          while(int_flay == 0);
 104   4                
 105   4              }
 106   3              
 107   3              TMR0_EN;
 108   3              TMR0_INT_EN;
 109   3              CLR_WDT;
 110   3              
 111   3              key_sta = 0;
 112   3              VALUE_0_FLAY = 0;
 113   3              DelayUs(10000);
 114   3            
 115   3              IIC_ADDRESS = 0X23;     //  ąŘ±ŐµÍą¦şÄ
C51 COMPILER V9.59.0.0   CONFIG                                                            02/03/2026 11:17:50 PAGE 3   

 116   3              SW6301_IIC_READ();
 117   3              IIC_DAT |= (1<<0);      
 118   3              SW6301_IIC_WRITE();       
 119   3              
 120   3              IIC_ADDRESS = 0X23;   // ąŘ±ŐµÍą¦şÄ
 121   3              SW6303_IIC_READ();
 122   3              IIC_DAT |= (1<<0);
 123   3              SW6303_IIC_WRITE(); 
 124   3            
 125   3      
 126   3              P00 = 1;
 127   3              
 128   3              DelayUs(10000);
 129   3              
 130   3              
 131   3          
 132   3              P15_OUT_DIS;
 133   3              P16_OUT_DIS;
 134   3              P15_IN_DIS
 135   3              P16_IN_DIS        
 136   3            //  WDT_C;
 137   3              LED_Bright = 0;
 138   3              sleep_time_1ms = 0;
 139   3          
 140   3              ADC_EN; 
 141   3              
 142   3              IIC_ADDRESS = 0X24;    //ĐÝĂß»˝ĐŃşó µŁĐÄ˛»Ö´ĐĐ¶Ě°´
 143   3              IIC_DAT = 0X20;
 144   3              SW6303_IIC_WRITE();
 145   3              
 146   3              IIC_DAT = 0X40;
 147   3              SW6303_IIC_WRITE();
 148   3              
 149   3              IIC_DAT = 0X80;
 150   3              SW6303_IIC_WRITE();
 151   3              
 152   3              IIC_ADDRESS = 0X24;
 153   3              IIC_DAT = 0X20;
 154   3              SW6301_IIC_WRITE();
 155   3              
 156   3              IIC_DAT = 0X40;
 157   3              SW6301_IIC_WRITE();
 158   3              
 159   3              IIC_DAT = 0X80;
 160   3              SW6301_IIC_WRITE();
 161   3              
 162   3      //        key_sta = 1;
 163   3              
 164   3              IIC_ADDRESS = 0X20;   // ´Ą·˘¶Ě°´  żŞĘäłö
 165   3              SW6303_IIC_READ();
 166   3              IIC_DAT |= (1<<0);
 167   3              SW6303_IIC_WRITE(); 
 168   3              
 169   3              IIC_ADDRESS = 0X20;   // ´Ą·˘¶Ě°´  żŞĘäłö
 170   3              SW6301_IIC_READ();
 171   3              IIC_DAT |= (1<<0);
 172   3              SW6301_IIC_WRITE(); 
 173   3            
 174   3            
 175   3              
 176   3                  
 177   3            
C51 COMPILER V9.59.0.0   CONFIG                                                            02/03/2026 11:17:50 PAGE 4   

 178   3            }
 179   2      
 180   2          }else
 181   1        {
 182   2          num = 0;
 183   2        }
 184   1      }
 185            unsigned char port_6301;
 186            unsigned char port_6303 ;
 187          unsigned int VALUE_100_time;
 188          
 189          unsigned char DIANLIANG;
 190          unsigned char LAST_DIANLIANG;
 191          
 192          unsigned char power_level;
 193          char LED_CONGFIG(unsigned char VALUE,unsigned char STA)
 194          {
 195   1        static unsigned int time_i;
 196   1        static unsigned char last_le;
 197   1        unsigned char isLedNeedFlick = 0;
 198   1        unsigned char SW6303_15=0;
 199   1        unsigned char le=0;
 200   1         
 201   1        if(STA == 2)  // łäµç
 202   1        {
 203   2          
 204   2          
 205   2          if(((port_6301&0X20)!=0) || ((port_6303&0XA4)!=0))
 206   2          {
 207   3            VALUE_100 = 0;
 208   3          }
 209   2      
 210   2          if(VALUE_100==1||VALUE_100==2)
 211   2          {
 212   3            if(VALUE_100_time >= 10000)
 213   3            {
 214   4              VALUE_100_time = 10000;
 215   4              LED_Bright = 0;
 216   4              VALUE_100 = 2;
 217   4              return 0;
 218   4            }
 219   3          }
 220   2          
 221   2          if(VALUE < 100)
 222   2          {
 223   3            
 224   3            isLedNeedFlick = 1;
 225   3          }
 226   2          if(VALUE <= 10)
 227   2          { 
 228   3            DIANLIANG = 1;
 229   3            LED_Bright &= ~(1<<2);
 230   3            LED_Bright &= ~(1<<3);
 231   3            LED_Bright &= ~(1<<4);
 232   3            LED_Bright |= (1<<5);
 233   3            LED_Bright |= (1<<6);
 234   3            le = 2;     
 235   3          }else if(VALUE <= 30)
 236   2          {
 237   3            DIANLIANG = 2;
 238   3            LED_Bright |= (1<<1);
 239   3            LED_Bright &= ~(1<<3);
C51 COMPILER V9.59.0.0   CONFIG                                                            02/03/2026 11:17:50 PAGE 5   

 240   3            LED_Bright &= ~(1<<4);
 241   3            LED_Bright |= (1<<5);
 242   3            LED_Bright |= (1<<6);
 243   3            le = 3;
 244   3          }else   if(VALUE <= 60)
 245   2          {
 246   3            DIANLIANG = 3;
 247   3            LED_Bright |= (1<<1);
 248   3            LED_Bright |= (1<<2);
 249   3            LED_Bright &= ~(1<<4);
 250   3            LED_Bright |= (1<<5);
 251   3            LED_Bright |= (1<<6);
 252   3            le = 4;
 253   3          }else if(VALUE < 99)
 254   2          {
 255   3            DIANLIANG = 4;
 256   3            LED_Bright |= (1<<1);
 257   3            LED_Bright |= (1<<2);
 258   3            LED_Bright |= (1<<3);
 259   3            LED_Bright |= (1<<5);
 260   3            LED_Bright |= (1<<6);
 261   3            le = 5;
 262   3          }else 
 263   2          {
 264   3            DIANLIANG = 5;
 265   3            LED_Bright |= (1<<1);
 266   3            LED_Bright |= (1<<2);
 267   3            LED_Bright |= (1<<3);
 268   3            LED_Bright |= (1<<4);
 269   3            LED_Bright |= (1<<5);
 270   3            LED_Bright |= (1<<6);
 271   3            if(VALUE_100 == 0 || VALUE_100 == 3)
 272   3            {
 273   4              VALUE_100_time = 0;
 274   4            }
 275   3            if(((port_6301&0X20)==0) && ((port_6303&0XA4)==0))         // 2026/01/21 ¸Ä±ßłä±ß·ĹĘ±µĆĎÔ
 276   3            {
 277   4              VALUE_100 = 1;
 278   4            }else
 279   3            {
 280   4              VALUE_100 = 0;
 281   4            }
 282   3            
 283   3          }   
 284   2        }else    // ·Ĺµç
 285   1        {
 286   2      
 287   2          if(VALUE_100 >= 2&& STA == 0)
 288   2          {
 289   3            VALUE_100 = 3;
 290   3            LED_Bright = 0;
 291   3            return 0;
 292   3          }   
 293   2          VALUE_100 = 0;
 294   2          
 295   2          IIC_ADDRESS = 0X15;
 296   2            SW6303_IIC_READ();  
 297   2            SW6303_15 = IIC_DAT;
 298   2          if((SW6303_15 & 0X10))
 299   2          {
 300   3            IIC_ADDRESS = 0XA4;   //2026.2.2 6303Ç·ŃąşóĐ´Íâ˛żµÍµçÎ´ÉúĐ§
 301   3            SW6301_IIC_READ();
C51 COMPILER V9.59.0.0   CONFIG                                                            02/03/2026 11:17:50 PAGE 6   

 302   3            IIC_DAT &= 0XFC;   // 11110011
 303   3            IIC_DAT |= (1<<3);
 304   3            IIC_DAT |= (1<<2);
 305   3            SW6301_IIC_WRITE();
 306   3            
 307   3            SW6301_A4_BIT0();
 308   3          }   
 309   2          if(power_level <= 0)
 310   2          {
 311   3            SLEED_TIME_S = 3000;    
 312   3            LED_Bright &= 0X20;
 313   3            
 314   3            DIANLIANG = 0;
 315   3      
 316   3            IIC_ADDRESS = 0X18;
 317   3            SW6301_IIC_READ();      
 318   3            if((IIC_DAT & 0x04) || (SW6303_15 & 0X10))
 319   3            {
 320   4              IIC_ADDRESS = 0X15;
 321   4              IIC_DAT = SW6303_15;
 322   4              SW6303_IIC_WRITE(); 
 323   4              
 324   4              
 325   4              IIC_ADDRESS = 0X21;   // ąŘĘäłö
 326   4              SW6301_IIC_READ();
 327   4              IIC_DAT |= (1<<5);
 328   4              SW6301_IIC_WRITE();   
 329   4            }
 330   3      
 331   3      
 332   3      
 333   3            
 334   3            IIC_ADDRESS = 0X18;
 335   3            SW6303_IIC_READ();      
 336   3            if((IIC_DAT & 0x09))
 337   3            {
 338   4              
 339   4      //        IIC_ADDRESS = 0X21;   // ąŘĘäłö
 340   4      //        SW6303_IIC_READ();
 341   4      //        IIC_DAT |= (1<<5);
 342   4      //        SW6303_IIC_WRITE(); 
 343   4      
 344   4              guang_shuchu();       
 345   4            }
 346   3            VALUE_0_FLAY = 1;
 347   3      
 348   3            le = 1;
 349   3            isLedNeedFlick = 1;
 350   3      //      LED_Bright &= 0X20;
 351   3      //      isLedNeedFlick = 1;
 352   3      //      le = 1;
 353   3          }else if(VALUE <= 10)
 354   2          {
 355   3            DIANLIANG = 1;
 356   3            
 357   3      //      LED_Bright |= (1<<1);
 358   3      //      LED_Bright &= ~(1<<2);
 359   3      //      LED_Bright &= ~(1<<3);
 360   3      //      LED_Bright &= ~(1<<4);
 361   3      //      LED_Bright |= (1<<5);
 362   3      //      LED_Bright |= (1<<6);   
 363   3      
C51 COMPILER V9.59.0.0   CONFIG                                                            02/03/2026 11:17:50 PAGE 7   

 364   3            
 365   3            LED_Bright &= ~(1<<2);
 366   3            LED_Bright &= ~(1<<3);
 367   3            LED_Bright &= ~(1<<4);
 368   3            LED_Bright |= (1<<5);
 369   3            LED_Bright |= (1<<6);
 370   3            isLedNeedFlick = 1;
 371   3            le = 2; 
 372   3            
 373   3          }else   if(VALUE <= 30)
 374   2          {
 375   3            DIANLIANG = 2;
 376   3            LED_Bright |= (1<<1);
 377   3            LED_Bright |= (1<<2);
 378   3            LED_Bright &= ~(1<<3);
 379   3            LED_Bright &= ~(1<<4);
 380   3            LED_Bright |= (1<<5);
 381   3            LED_Bright |= (1<<6);
 382   3          }else   if(VALUE <= 60)
 383   2          {
 384   3            DIANLIANG = 3;
 385   3            LED_Bright |= (1<<1);
 386   3            LED_Bright |= (1<<2);
 387   3            LED_Bright |= (1<<3);
 388   3            LED_Bright &= ~(1<<4);
 389   3            LED_Bright |= (1<<5);
 390   3            LED_Bright |= (1<<6);
 391   3          }else 
 392   2          {
 393   3            DIANLIANG = 4;
 394   3            LED_Bright |= (1<<1);
 395   3            LED_Bright |= (1<<2);
 396   3            LED_Bright |= (1<<3);
 397   3            LED_Bright |= (1<<4);
 398   3            LED_Bright |= (1<<5);
 399   3            LED_Bright |= (1<<6);
 400   3          }
 401   2        
 402   2        
 403   2        
 404   2        }
 405   1        
 406   1        if(isLedNeedFlick)
 407   1        {
 408   2          isLedNeedFlick = 0;
 409   2          time_i++;
 410   2          if(le != last_le)
 411   2          {
 412   3            last_le = le;
 413   3            time_i = 0;
 414   3          
 415   3          }   
 416   2          if(le == 1)
 417   2          {
 418   3            if(time_i > 2)
 419   3            {
 420   4              time_i = 0;
 421   4              LED_Bright ^= (1<<5);
 422   4            }
 423   3        
 424   3          }else if(time_i > 5)
 425   2          {
C51 COMPILER V9.59.0.0   CONFIG                                                            02/03/2026 11:17:50 PAGE 8   

 426   3            time_i = 0;
 427   3            if(le == 2)
 428   3            {
 429   4              LED_Bright ^= (1<<1);
 430   4            }else if(le == 3)
 431   3            {
 432   4              LED_Bright ^= (1<<2);
 433   4            }else if(le == 4)
 434   3            {
 435   4              LED_Bright ^= (1<<3);
 436   4            }else if(le == 5)
 437   3            {
 438   4              LED_Bright ^= (1<<4);
 439   4            }     
 440   3          
 441   3          }
 442   2        
 443   2        }
 444   1      
 445   1        return 1;
 446   1      }
 447          
 448          void UART0_TX_DAT(unsigned char tx_data)
 449          {
 450   1        while (TX0_IF==0) {};
 451   1        UART0_TXB = tx_data;
 452   1      }
 453          
 454          void UART0_TX(unsigned int tx_data)
 455          {
 456   1        UART0_TX_DAT(tx_data/10000+48);
 457   1        UART0_TX_DAT(tx_data/1000%10+48);
 458   1          UART0_TX_DAT(tx_data/100%10+48);
 459   1        UART0_TX_DAT(tx_data/10%10+48);
 460   1        UART0_TX_DAT(tx_data%10+48);
 461   1        
 462   1      }
 463          
 464          extern unsigned int PLUG_IN_TIME;
 465          //void Port_State_PlugIn(unsigned char sta_6301,unsigned char sta_6303)
 466          //{
 467          //  static unsigned char num;
 468          //  
 469          //  
 470          //  switch(num)
 471          //  {
 472          //    case 0:
 473          //      if(sta_6301 | sta_6303)
 474          //      {
 475          //        PLUG_IN_TIME = 0;
 476          //        num = 1;
 477          //      }
 478          //      if((sta_6301 | sta_6303) == 3)
 479          //      {
 480          
 481          //        IIC_ADDRESS = 0X21;   // ąŘĘäłö
 482          //        SW6301_IIC_READ();
 483          //        IIC_DAT |= (1<<5);
 484          //        SW6301_IIC_WRITE();           
 485          //      
 486          
 487          ////        IIC_ADDRESS = 0X21;   // ąŘĘäłö
C51 COMPILER V9.59.0.0   CONFIG                                                            02/03/2026 11:17:50 PAGE 9   

 488          ////        SW6303_IIC_READ();
 489          ////        IIC_DAT |= (1<<5);
 490          ////        SW6303_IIC_WRITE();           
 491          //          guang_shuchu();
 492          //        num = 2;
 493          //      }
 494          //      
 495          //      break;
 496          //    case 1:
 497          //      if(PLUG_IN_TIME < 500)
 498          //      {
 499          //        if((sta_6301 | sta_6303) == 3)
 500          //        {
 501          
 502          //          IIC_ADDRESS = 0X21;   // ąŘĘäłö
 503          //          SW6301_IIC_READ();
 504          //          IIC_DAT |= (1<<5);
 505          //          SW6301_IIC_WRITE();           
 506          
 507          ////          IIC_ADDRESS = 0X21;   // ąŘĘäłö
 508          ////          SW6303_IIC_READ();
 509          ////          IIC_DAT |= (1<<5);
 510          ////          SW6303_IIC_WRITE();           
 511          //            guang_shuchu();
 512          //          num = 2;  
 513          //          PLUG_IN_TIME = 0;
 514          //        }
 515          //      }else if(PLUG_IN_TIME > 500)
 516          //      {
 517          //        num = 2;
 518          //      }
 519          //      
 520          //    
 521          //      break;
 522          //    case 2:
 523          //      if(sta_6301 | sta_6303)
 524          //      {
 525          //        num = 0;
 526          //      }
 527          //      break;
 528          //  
 529          //  }
 530          
 531          //}
 532          
 533          
 534          
 535          
 536          unsigned char ntc_flay;
 537            unsigned char sta_6301 = 0;
 538            unsigned char sta_6303 = 0;
 539          extern float dizuo_adc;
 540          unsigned int ntc_port_last;
 541          float  ntc_data;
 542          unsigned char last_uart_data;
 543          unsigned int last_uart_value;
 544          //unsigned int last_6303uart_value;
 545          unsigned int last_uart_vbat;
 546          unsigned int uart_vbat;
 547          
 548          //extern unsigned char zuizhongdianliang;
 549          //extern unsigned char last_zuizhongdianliang;
C51 COMPILER V9.59.0.0   CONFIG                                                            02/03/2026 11:17:50 PAGE 10  

 550          
 551          unsigned int LAST_Current_max_coulomb;
 552          unsigned int LAST_max_coulomb;
 553          
 554          extern unsigned  int Current_max_coulomb;
 555          extern unsigned int max_coulomb;
 556          
 557          
 558          unsigned int usart_power_level;
 559          unsigned int usart_adc_value;
 560          //unsigned int usart_6303adc_value;
 561          unsigned int usart_uart_vbat;
 562          
 563          void Set_Power(void)
 564          {
 565   1        static unsigned int i;
 566   1        static unsigned char out_last_port;
 567   1      //  static unsigned char one;
 568   1      //  static unsigned char bachushijian;
 569   1        unsigned char led_flay = 0;
 570   1        unsigned char port = 0;
 571   1        unsigned char sta_flay = 0;
 572   1        unsigned int adc_6303 = 0;
 573   1        float val = 0;
 574   1        static int adc_value;
 575   1        
 576   1        VALUE_0_FLAY = 0;
 577   1        SLEED_TIME_S = 10000; 
 578   1        
 579   1        SW6301_GET_RESET();
 580   1        SW6303_GET_RESET();
 581   1      
 582   1        sta_6301 = SW6301_GET_STASE();
 583   1        sta_6303 = SW6303_GET_STASE();
 584   1        
 585   1      //  Port_State_PlugIn( sta_6301, sta_6303);
 586   1        
 587   1        port_6301 = SW6301_GET_PORT();
 588   1        port_6303 = SW6303_GET_PORT();
 589   1        
 590   1        if(P06 == 0)
 591   1        {
 592   2          adc_6303 = SW6303_GET_IBAT();
 593   2        }
 594   1        adc_value = dizuo_adc;
 595   1        
 596   1      //  usart_6303adc_value = adc_6303;
 597   1        if(dizuo_flay)
 598   1        {
 599   2          if(dizuo_adc < 100)
 600   2          {
 601   3            i++;
 602   3            if(i > 2000)                              // 2026/2/1   ŇňÎŞµ××ůµçÔ´·´¸´°Î˛ĺ˝řČëÁËŐâŔď Ę±Ľä´Ó20s¸Äµ˝ 20
             -0s  şóĆÚÔŮÔöĽÓµçŃąĹĐ¶Ď13.5V
 603   3            {
 604   4              SW6301_A4_BIT1();
 605   4            }
 606   3          }else
 607   2          {
 608   3            i = 0;
 609   3          }     
 610   2        }
C51 COMPILER V9.59.0.0   CONFIG                                                            02/03/2026 11:17:50 PAGE 11  

 611   1        
 612   1        
 613   1        if( (sta_6303 & 0X01) || (port_6303 > 0))   //·Ĺµç  2026.2.2 ÔöĽÓ¶ËżÚÔÚĎß Đ´ADC Ł¨żÍ»§·´ŔˇAżÚ·ĹµçĂ»ĽĆČëżâ
             -ÂŘĽĆŁ©
 614   1        {
 615   2          adc_value = dizuo_adc - adc_6303;
 616   2        }else if(sta_6303 & 0X02) 
 617   1        {
 618   2          if(adc_6303 < 100)
 619   2          {
 620   3            i++;
 621   3            if(i > 10)                     
 622   3            {
 623   4              SW6301_A4_BIT1();
 624   4            }
 625   3            
 626   3          }else
 627   2          {
 628   3            i = 0;
 629   3          }   
 630   2          
 631   2          adc_value = dizuo_adc + adc_6303;
 632   2        }
 633   1        usart_adc_value = adc_value;
 634   1        adc_value /= 5;
 635   1        
 636   1        ntc_data = GET_NTC_VALUE();
 637   1        if(ntc_data > 5.314 && ntc_data < 32.754)
 638   1        {
 639   2          ntc_flay = 0;
 640   2        
 641   2        }
 642   1          
 643   1        if((port_6301 != 0 || port_6303 != 0 || dizuo_flay  || (sta_6301==0x02) || (sta_6303==0x02)) )
 644   1        {
 645   2          if(dizuo_flay || (sta_6301==0x02) || (sta_6303==0x02))                //łäµç
 646   2          {
 647   3            led_flay = 2;
 648   3            if(adc_value > 0)
 649   3            {
 650   4              SW6301_INPUT_STATUS(adc_value,0);  // 0 łäµç
 651   4            }else if(adc_value < 0)
 652   3            {
 653   4              adc_value = 0-adc_value;
 654   4              SW6301_INPUT_STATUS(adc_value,1);  // 1 ·Ĺµç
 655   4            }
 656   3            if(ntc_data < 3.588 || ntc_data > 36.311)    // 50  -2
 657   3            {
 658   4              ntc_flay = 1;
 659   4            }else if(ntc_data > 5.314  && ntc_data < 32.754)    // 50
 660   3            {
 661   4              ntc_flay = 0;
 662   4            } 
 663   3          }else                                        // 1 ·Ĺµç
 664   2          {
 665   3            i = 0;
 666   3            led_flay = 1;
 667   3            if(adc_value < 0)
 668   3            {
 669   4              adc_value = 0 - adc_value;
 670   4              SW6301_INPUT_STATUS(adc_value,1);  // 1 ·Ĺµç
 671   4            }
C51 COMPILER V9.59.0.0   CONFIG                                                            02/03/2026 11:17:50 PAGE 12  

 672   3            if(ntc_data < 2.473 || ntc_data > 55.595)    // 60
 673   3            {
 674   4              ntc_flay = 1;
 675   4            }else if(ntc_data > 2.971  && ntc_data < 42.490)    // 50
 676   3            {
 677   4              ntc_flay = 0;
 678   4            }   
 679   3          } 
 680   2        }else
 681   1        {
 682   2          i = 0;
 683   2          IIC_ADDRESS = 0XA4;   // 
 684   2          SW6301_IIC_READ();
 685   2          IIC_DAT &= ~(1<<3);   
 686   2          SW6301_IIC_WRITE();     
 687   2        }
 688   1        
 689   1      /*
 690   1      
 691   1        if((sta_6301 >= 2 || sta_6303 >= 2))     // ´¦ÓÚłäµç »ň±ßłä±ß·Ĺ
 692   1        {
 693   1          if((sta_6301 >= 2 && sta_6303 >= 2))
 694   1          {
 695   1            if(one == 0)
 696   1            {
 697   1              one = 1;
 698   1              if(POWE_16_2_NUM != 45) { POWE_16_2_NUM = 45;  SW6303_SET_OUTPUT_POWER_45W(); }  // 3536  
 699   1              SW6303_SET_GUAN_INT();
 700   1              SW6301_SET_KAI_INT();           
 701   1            }
 702   1          }
 703   1          else if(sta_6301 >= 2)
 704   1          {
 705   1            if(one != 1)
 706   1            {
 707   1              one = 1;
 708   1              if(POWE_16_2_NUM != 45) { POWE_16_2_NUM = 45;  SW6303_SET_OUTPUT_POWER_45W(); }  // 3536  
 709   1              SW6303_SET_GUAN_INT();
 710   1              SW6301_SET_KAI_INT();       
 711   1            }
 712   1          }else if(sta_6303 >= 2)
 713   1          {
 714   1            if(one != 2)
 715   1            {
 716   1              one = 2;
 717   1              SW6301_SET_GUAN_INT();
 718   1              SW6303_SET_KAI_INT();     
 719   1            }
 720   1          }   
 721   1        }else      // ´¦ÓÚ·Ĺµç
 722   1        {
 723   1          if(one)
 724   1          {
 725   1            one = 0;
 726   1            SW6301_SET_KAI_INT();
 727   1            SW6303_SET_KAI_INT();     
 728   1          }
 729   1      
 730   1          
 731   1          if(port_6301&0x01)     // C1
 732   1          {
 733   1            port |= 0x01;
C51 COMPILER V9.59.0.0   CONFIG                                                            02/03/2026 11:17:50 PAGE 13  

 734   1          }
 735   1          
 736   1          if(port_6303&0x80)    //C2
 737   1          {
 738   1            port |= 0x02;
 739   1          }   
 740   1      
 741   1          if(port_6303&0x20)    // A
 742   1          {
 743   1            port |= 0x04;
 744   1          } 
 745   1          if((dizuo_flay==1))                 // Ľě˛âµ××ů
 746   1          {
 747   1            if(POWE_16_1_NUM != 30) { POWE_16_1_NUM =30; SW6301_SET_INTPUT_POWER_30W(); }
 748   1            if(POWE_16_2_NUM != 30) { POWE_16_2_NUM = 30;  SW6303_SET_INTPUT_POWER_30W(); }  // 3536  
 749   1      
 750   1          }else   if(port != out_last_port)
 751   1          {
 752   1            out_last_port = port;
 753   1            switch(port)
 754   1            {
 755   1              case 0x01:          // µĄ C1
 756   1                if(POWE_16_1_NUM != 65) { POWE_16_1_NUM =65; SW6301_SET_OUTPUT_POWER_65W(); }
 757   1                  
 758   1                break;
 759   1              case 0x02:      // µĄ C2
 760   1                if(POWE_16_2_NUM != 45) { POWE_16_2_NUM = 45;  SW6303_SET_OUTPUT_POWER_45W(); }  // 3536  
 761   1                  
 762   1                break;
 763   1              case 0x04:      // µĄ C3
 764   1                if(POWE_16_2_A_NUM != 30) { POWE_16_2_A_NUM = 30; POWE_16_2_NUM = 0;  SW6303_SET_OUTPUT_POWER_30W_A()
             -;} 
 765   1                
 766   1                break;
 767   1      
 768   1              case 0x03:      // Ë« C1+C2    
 769   1                if(POWE_16_1_NUM != 65) { POWE_16_1_NUM = 65; SW6301_SET_OUTPUT_POWER_65W(); }
 770   1                if(POWE_16_2_NUM != 30) { POWE_16_2_NUM = 30; POWE_16_2_A_NUM = 0;  SW6303_SET_OUTPUT_POWER_30W();}   
             -      
 771   1                break;  
 772   1                
 773   1              case 0x05:      // Ë« C1+C3
 774   1                if(POWE_16_1_NUM != 65) { POWE_16_1_NUM = 65; SW6301_SET_OUTPUT_POWER_65W(); }
 775   1                if(POWE_16_2_A_NUM != 30) { POWE_16_2_A_NUM = 30; POWE_16_2_NUM = 0;  SW6303_SET_OUTPUT_POWER_30W_A()
             -;} 
 776   1                break;        
 777   1              
 778   1              case 0x06:      // Ë« C2+C3
 779   1                break;  
 780   1                    
 781   1              case 0x07:      // Čý C1+C2+C3
 782   1                if(POWE_16_1_NUM != 65) { POWE_16_1_NUM =65; SW6301_SET_OUTPUT_POWER_65W(); }
 783   1                break;
 784   1            }   
 785   1        
 786   1          } 
 787   1        
 788   1        }
 789   1        */
 790   1          if(port_6301&0x01)     // C1
 791   1          {
 792   2            port |= 0x01;
C51 COMPILER V9.59.0.0   CONFIG                                                            02/03/2026 11:17:50 PAGE 14  

 793   2          }
 794   1          
 795   1          if(port_6303&0x80)    //C2
 796   1          {
 797   2            port |= 0x02;
 798   2          }   
 799   1      
 800   1          if(port_6303&0x20)    // A
 801   1          {
 802   2            port |= 0x04;
 803   2          }   
 804   1          if(port != out_last_port)
 805   1          {
 806   2            out_last_port = port;
 807   2            switch(port)
 808   2            {
 809   3              case 0x01:          // µĄ C1
 810   3                if(POWE_16_1_NUM != 65) { POWE_16_1_NUM =65; SW6301_SET_OUTPUT_POWER_65W(); }
 811   3                  
 812   3                break;
 813   3              case 0x02:      // µĄ C2
 814   3                if(POWE_16_2_NUM != 45) { POWE_16_2_NUM = 45;  SW6303_SET_OUTPUT_POWER_45W(); }  // 3536  
 815   3                  
 816   3                break;
 817   3              case 0x04:      // µĄ C3
 818   3                if(POWE_16_2_A_NUM != 30) { POWE_16_2_A_NUM = 30; POWE_16_2_NUM = 0;  SW6303_SET_OUTPUT_POWER_30W_A()
             -;} 
 819   3                
 820   3                break;
 821   3      
 822   3              case 0x03:      // Ë« C1+C2    
 823   3                if(POWE_16_1_NUM != 65) { POWE_16_1_NUM = 65; SW6301_SET_OUTPUT_POWER_65W(); }
 824   3                if(POWE_16_2_NUM != 30) { POWE_16_2_NUM = 30; POWE_16_2_A_NUM = 0;  SW6303_SET_OUTPUT_POWER_30W();}   
             -      
 825   3                break;  
 826   3                
 827   3              case 0x05:      // Ë« C1+C3
 828   3                if(POWE_16_1_NUM != 65) { POWE_16_1_NUM = 65; SW6301_SET_OUTPUT_POWER_65W(); }
 829   3                if(POWE_16_2_A_NUM != 30) { POWE_16_2_A_NUM = 30; POWE_16_2_NUM = 0;  SW6303_SET_OUTPUT_POWER_30W_A()
             -;} 
 830   3                break;        
 831   3              
 832   3              case 0x06:      // Ë« C2+C3
 833   3                break;  
 834   3                    
 835   3              case 0x07:      // Čý C1+C2+C3
 836   3                if(POWE_16_1_NUM != 65) { POWE_16_1_NUM =65; SW6301_SET_OUTPUT_POWER_65W(); }
 837   3                break;
 838   3            }   
 839   2        
 840   2          } 
 841   1        
 842   1        
 843   1        
 844   1        
 845   1        
 846   1      //  if(key_sta == 1)
 847   1      //  {
 848   1      //    key_sta = 0;
 849   1      //    VALUE_100 = 0;
 850   1      //    sleep_time_1ms = 0;
 851   1      //    ntc_time = 0;
C51 COMPILER V9.59.0.0   CONFIG                                                            02/03/2026 11:17:50 PAGE 15  

 852   1      //  }
 853   1        
 854   1      //  if((port_6303+port_6301)> ntc_port_last)
 855   1      //  {
 856   1      ////    bachushijian = 0;
 857   1      //    ntc_port_last = port_6303+port_6301;
 858   1      //    ntc_time = 0;
 859   1      //  }else
 860   1      //  {
 861   1      ////    if(bachushijian > 5)
 862   1      ////    {
 863   1      //      ntc_port_last = port_6303+port_6301;
 864   1      ////    }
 865   1      //  }
 866   1        
 867   1        uart_vbat = SW6301_GET_VBAT();
 868   1        uart_vbat *= 7;
 869   1      
 870   1        usart_uart_vbat =   uart_vbat;
 871   1        if(ntc_flay)
 872   1        {
 873   2          NTC_FLAY_ONE = 1;
 874   2          VALUE_100 = 0;
 875   2          if(ntc_time > 50)
 876   2          {
 877   3            ntc_time = 51;
 878   3            LED_Bright = 0;
 879   3          }else
 880   2          {
 881   3            if(ntc_time == 0)
 882   3            {
 883   4              LED_Bright = 0;
 884   4            }
 885   3            if((ntc_time%5) == 0)
 886   3            {
 887   4              LED_Bright ^= 0xff;;
 888   4            }   
 889   3          
 890   3          }
 891   2          ntc_time++;
 892   2          SW6303_SET_GUAN_INT_OUT();
 893   2          SW6301_SET_GUAN_INT_OUT();
 894   2          return;
 895   2        }else
 896   1        {
 897   2          ntc_time = 0;
 898   2          if(NTC_FLAY_ONE == 1)
 899   2          {
 900   3            NTC_FLAY_ONE = 0;
 901   3            SW6303_SET_KAI_INT_OUT();
 902   3            SW6301_SET_KAI_INT_OUT();
 903   3          }
 904   2          power_level = SW6301_read();
 905   2          GET_Coulomb_meter_VALUE();
 906   2          
 907   2          val = Current_max_coulomb*100.0/max_coulomb+0.5;
 908   2          if(val>61 && dizuo_adc > 200)  //2026.2.2  żâÂŘĽĆ˛»×Ľ µĽÖÂÎ´łäÂúĂđµĆ
 909   2          {
 910   3            val = 98;
 911   3          }
 912   2          usart_power_level = power_level;
 913   2      //    LED_CONGFIG(power_level,led_flay);
C51 COMPILER V9.59.0.0   CONFIG                                                            02/03/2026 11:17:50 PAGE 16  

 914   2          LED_CONGFIG(val,led_flay);
 915   2          
 916   2        } 
 917   1        
 918   1        if(  LAST_Current_max_coulomb != Current_max_coulomb || LAST_DIANLIANG != DIANLIANG || last_uart_value !=
             - usart_adc_value)
 919   1        //if(last_zuizhongdianliang != zuizhongdianliang || last_uart_data != usart_power_level || LAST_Current_m
             -ax_coulomb != Current_max_coulomb || LAST_DIANLIANG != DIANLIANG)
 920   1        { 
 921   2          last_uart_value = usart_adc_value;
 922   2          last_uart_vbat = usart_uart_vbat;
 923   2        //  last_uart_data = usart_power_level;
 924   2          LAST_Current_max_coulomb = Current_max_coulomb;
 925   2          LAST_max_coulomb = max_coulomb;
 926   2      //    last_6303uart_value = usart_6303adc_value;
 927   2          //last_zuizhongdianliang = zuizhongdianliang;
 928   2          LAST_DIANLIANG = DIANLIANG;
 929   2      
 930   2          UART0_TX_DAT('I');
 931   2          UART0_TX_DAT(':');
 932   2          UART0_TX(usart_adc_value);
 933   2          UART0_TX_DAT('\r');
 934   2          UART0_TX_DAT('\n');   
 935   2      //    UART0_TX_DAT('I');
 936   2      //    UART0_TX_DAT(':');
 937   2      //    UART0_TX(usart_6303adc_value);
 938   2      //    UART0_TX_DAT('\r');
 939   2      //    UART0_TX_DAT('\n');
 940   2      //    UART0_TX_DAT(' ');
 941   2          UART0_TX_DAT('V');
 942   2          UART0_TX_DAT(':');
 943   2          UART0_TX(usart_uart_vbat);
 944   2          UART0_TX_DAT('\r');
 945   2          UART0_TX_DAT('\n'); 
 946   2          
 947   2          UART0_TX_DAT('m');
 948   2          UART0_TX_DAT('W');
 949   2          UART0_TX_DAT(':');
 950   2          UART0_TX(max_coulomb);
 951   2          UART0_TX_DAT('\r');
 952   2          UART0_TX_DAT('\n'); 
 953   2      
 954   2          UART0_TX_DAT('m');
 955   2          UART0_TX_DAT('W');
 956   2          UART0_TX_DAT(':');
 957   2          UART0_TX(Current_max_coulomb);  
 958   2        
 959   2          
 960   2          UART0_TX_DAT('\r'); 
 961   2          UART0_TX_DAT('\n'); 
 962   2      //    UART0_TX(666666);
 963   2          
 964   2      //    UART0_TX_DAT('D');
 965   2      //    UART0_TX_DAT(':');
 966   2      //    UART0_TX(usart_power_level);
 967   2      //    UART0_TX_DAT(' ');
 968   2      //    UART0_TX(zuizhongdianliang);
 969   2      //    UART0_TX_DAT(' ');
 970   2          UART0_TX(DIANLIANG);
 971   2      //    UART0_TX_DAT('\r');
 972   2      //    UART0_TX_DAT('\n'); 
 973   2      
C51 COMPILER V9.59.0.0   CONFIG                                                            02/03/2026 11:17:50 PAGE 17  

 974   2      //    UART0_TX_DAT('D');
 975   2      //    UART0_TX_DAT(':');
 976   2          
 977   2      //    UART0_TX_DAT('\r');
 978   2      //    UART0_TX_DAT('\n'); 
 979   2        } 
 980   1        
 981   1        if(P06 && P20)
 982   1        {
 983   2          SLEED_FLAY = 1;
 984   2          
 985   2        }else
 986   1        {
 987   2          SLEED_FLAY = 0;
 988   2        }
 989   1        
 990   1        if((SLEED_FLAY== 0 || dizuo_flay)&&VALUE_0_FLAY==0)
 991   1        {
 992   2          sleep_time_1ms = 0;
 993   2        }
 994   1        
 995   1        if((SLEED_FLAY && dizuo_flay==0) || VALUE_0_FLAY ||key_sta == 2 )
 996   1        {
 997   2          SLEEP_Fun(0);
 998   2        }else
 999   1        {
1000   2          SLEEP_Fun(1);
1001   2        }
1002   1      }
1003          
1004          


MODULE INFORMATION:   STATIC OVERLAYABLE
   CODE SIZE        =   2445    ----
   CONSTANT SIZE    =   ----    ----
   XDATA SIZE       =   ----    ----
   PDATA SIZE       =   ----    ----
   DATA SIZE        =     66      13
   IDATA SIZE       =   ----    ----
   BIT SIZE         =   ----    ----
   EDATA SIZE       =   ----    ----
   HDATA SIZE       =   ----    ----
   XDATA CONST SIZE =   ----    ----
   FAR CONST SIZE   =   ----    ----
END OF MODULE INFORMATION.


C51 COMPILATION COMPLETE.  0 WARNING(S),  0 ERROR(S)
