C51 COMPILER V9.59.0.0   DELAY                                                             02/03/2026 11:17:49 PAGE 1   


C51 COMPILER V9.59.0.0, COMPILATION OF MODULE DELAY
OBJECT MODULE PLACED IN .\delay.obj
COMPILER INVOKED BY: D:\Software\keil_c51\C51\BIN\C51.EXE ..\..\..\DELAY\delay.c OMF2 OPTIMIZE(8,SPEED) BROWSE INCDIR(..
                    -/../../Library/Include;../../../Library/Source;../../../2_CMSIS;../../../user_com;..\..\..\IIC;..\..\..\DELAY;..\..\..\C
                    -ONFIG;..\..\..\SW630X) DEBUG PRINT(.\delay.lst) TABS(2) OBJECT(.\delay.obj)

line level    source

   1          #include "delay.h"
   2          
   3          
   4          
   5          void DelayUs(unsigned int Time)
   6          {
   7   1        unsigned int i;
   8   1        for(i=0; i<Time; i++)
   9   1        {
  10   2          NOP();
  11   2        }
  12   1        CLR_WDT; 
  13   1      } 
  14          
  15          
  16          //void DelayMs(unsigned char Time)
  17          //{
  18          //  unsigned char i,j,k;
  19          //  for(k=0; k<Time; k++)
  20          //  {
  21          //    for(i=0; i<4; i++)
  22          //        {
  23          //      for(j=0; j<255; j++)
  24          //            {
  25          //        NOP();
  26          //            }
  27          //        }
  28          //  }
  29          //} 
  30          
  31          
  32          
  33          
  34          
  35          
  36          
  37          
  38          
  39          
  40          
  41          
  42          
  43          
  44          


MODULE INFORMATION:   STATIC OVERLAYABLE
   CODE SIZE        =     22    ----
   CONSTANT SIZE    =   ----    ----
   XDATA SIZE       =   ----    ----
   PDATA SIZE       =   ----    ----
   DATA SIZE        =   ----    ----
   IDATA SIZE       =   ----    ----
C51 COMPILER V9.59.0.0   DELAY                                                             02/03/2026 11:17:49 PAGE 2   

   BIT SIZE         =   ----    ----
   EDATA SIZE       =   ----    ----
   HDATA SIZE       =   ----    ----
   XDATA CONST SIZE =   ----    ----
   FAR CONST SIZE   =   ----    ----
END OF MODULE INFORMATION.


C51 COMPILATION COMPLETE.  0 WARNING(S),  0 ERROR(S)
