C51 COMPILER V9.59.0.0   IIC                                                               05/14/2025 11:42:24 PAGE 1   


C51 COMPILER V9.59.0.0, COMPILATION OF MODULE IIC
OBJECT MODULE PLACED IN .\iic.obj
COMPILER INVOKED BY: D:\Software\keil_c51\C51\BIN\C51.EXE ..\..\..\IIC\iic.c OMF2 OPTIMIZE(8,SPEED) BROWSE INCDIR(../../
                    -../Library/Include;../../../Library/Source;../../../2_CMSIS;../../../user_com;..\..\..\IIC;..\..\..\DELAY;..\..\..\CONFI
                    -G) DEBUG PRINT(.\iic.lst) OBJECT(.\iic.obj)

line level    source

   1          #include "iic1.h"
*** WARNING C318 IN LINE 1 OF ..\..\..\IIC\iic.c: can't open file 'iic1.h'
   2          #include "config.h"
   3          #include "delay.h"
   4          
   5          
   6          
   7          
   8          
   9          static void IIC1_Start(void)
  10          {
  11   1              IIC1_SDA_Out();         //Set SDA Output
*** WARNING C206 IN LINE 11 OF ..\..\..\IIC\iic.c: 'IIC1_SDA_Out': missing function-prototype
  12   1              IIC1_SDA = 1;           //SDA HIGH
*** ERROR C202 IN LINE 12 OF ..\..\..\IIC\iic.c: 'IIC1_SDA': undefined identifier
  13   1              IIC1_SCL = 1;           //SCL HIGH      
*** ERROR C202 IN LINE 13 OF ..\..\..\IIC\iic.c: 'IIC1_SCL': undefined identifier
  14   1              DelayUs(3);
  15   1              
  16   1              IIC1_SDA = 0;           //SDA LOW       //дкSCLИпЕчЦНЪБР­ЕЭSDA
*** ERROR C202 IN LINE 16 OF ..\..\..\IIC\iic.c: 'IIC1_SDA': undefined identifier
  17   1              DelayUs(3);
  18   1              IIC1_SCL = 0;                   //SCL LOW       //ВњЩњЦ№ЪМаХКХжЎКѓОЭИУР­ЕЭSCLЃЌЗРжЙЪ§ОнДэЮѓ
*** ERROR C202 IN LINE 18 OF ..\..\..\IIC\iic.c: 'IIC1_SCL': undefined identifier
  19   1      }
  20          
  21          static void IIC1_Stop(void)
  22          {
  23   1              IIC1_SDA_Out();         //Set SDA Output
  24   1              IIC1_SDA = 0;           //SDA LOW
*** ERROR C202 IN LINE 24 OF ..\..\..\IIC\iic.c: 'IIC1_SDA': undefined identifier
  25   1              IIC1_SCL = 1;           //SCL HIGH
*** ERROR C202 IN LINE 25 OF ..\..\..\IIC\iic.c: 'IIC1_SCL': undefined identifier
  26   1              DelayUs(3);
  27   1              IIC1_SDA = 1;           //SDA HIGH      дкSCLИпЕчЦНЪБР­ИпSDA
*** ERROR C202 IN LINE 27 OF ..\..\..\IIC\iic.c: 'IIC1_SDA': undefined identifier
  28   1      }
  29          
  30          
  31          /*-------------------------------------------------
  32           *  КЏЪ§УћЃКIIC1_Wait_Ack
  33           *      ЙІФмЃК  ЕШД§гІД№аХКХЕНРД
  34           *  ЪфШыЃК  Юо
  35           *  ЪфГіЃК  ЗЕЛижЕЃК1ЃЌНгЪегІД№ЪЇАм
  36           *                  0ЃЌНгЪегІД№ГЩЙІ
  37           --------------------------------------------------*/
  38          unsigned char ucErrTime=0;   
  39          static unsigned char IIC1_Wait_Ack(void)
  40          {
  41   1              ucErrTime=0;   
  42   1          IIC1_SDA=1;  
*** ERROR C202 IN LINE 42 OF ..\..\..\IIC\iic.c: 'IIC1_SDA': undefined identifier
  43   1              IIC1_SDA_In();               //SDAЩшжУЮЊЪфШы  
C51 COMPILER V9.59.0.0   IIC                                                               05/14/2025 11:42:24 PAGE 2   

  44   1              
  45   1              DelayUs(3);        
  46   1              IIC1_SCL=1;
  47   1              DelayUs(3);      
  48   1              while(IIC1_SDA)
  49   1              {
  50   2                      ucErrTime++;
  51   2                      if(ucErrTime>250) //ЕШД§ГЌЪБ
  52   2                      {
  53   3                              IIC1_Stop();
  54   3                              return 1;
  55   3                      }
  56   2              }
  57   1              IIC1_SCL=0;            //ЪБжгЪфГі0         
  58   1              return 0;  
  59   1      } 
  60          
  61          /*-------------------------------------------------
  62           *  КЏЪ§УћЃКIIC1_Ack
  63           *      ЙІФмЃК  ВњЩњACKгІД№
  64           *  ЪфШыЃК  Юо
  65           *  ЪфГіЃК  Юо
  66           --------------------------------------------------*/
  67          static void IIC1_Ack(void)
  68          {
  69   1              IIC1_SCL=0;
  70   1              IIC1_SDA_Out();         //Set SDA Output
  71   1              IIC1_SDA=0;
  72   1              DelayUs(3);     
  73   1              IIC1_SCL=1;
  74   1              DelayUs(3);     
  75   1              IIC1_SCL=0;
  76   1      }
  77          
  78          /*-------------------------------------------------
  79           *  КЏЪ§УћЃКIIC1_NAck
  80           *      ЙІФмЃК  ВЛВњЩњACKгІД№
  81           *  ЪфШыЃК  Юо
  82           *  ЪфГіЃК  Юо
  83           --------------------------------------------------*/       
  84          static void IIC1_NAck(void)
  85          {
  86   1              IIC1_SCL=0;
  87   1              IIC1_SDA_Out();         //Set SDA Output
  88   1              IIC1_SDA=1;
  89   1              DelayUs(3);     
  90   1              IIC1_SCL=1;
  91   1              DelayUs(3);     
  92   1              IIC1_SCL=0;
  93   1      }       
  94          
  95          /*-------------------------------------------------
  96           *  КЏЪ§УћЃКIIC1_Send_Byte
  97           *      ЙІФмЃК  IICЗЂЫЭвЛИізжНк
  98           *  ЪфШыЃК  аДШывЊЗЂЫЭЕФвЛИізжНкЪ§Онtxd
  99           *  ЪфГіЃК  Юо
 100           --------------------------------------------------*/   
 101          unsigned char IIC1_Send_t;  
 102          static void IIC1_Send_Byte(unsigned char txd)
 103          {                        
 104   1           
 105   1              IIC1_SDA_Out();         //Set SDA Output 
C51 COMPILER V9.59.0.0   IIC                                                               05/14/2025 11:42:24 PAGE 3   

 106   1          IIC1_SCL=0;            //Р­ЕЭЪБжгПЊЪМЪ§ОнДЋЪф
 107   1          for(IIC1_Send_t=0;IIC1_Send_t<8;IIC1_Send_t++)
 108   1          {              
 109   2                      if(txd&0x80)
 110   2                              IIC1_SDA=1;
 111   2                      else
 112   2                              IIC1_SDA=0;
 113   2                      txd<<=1;          
 114   2                      DelayUs(3);                               
 115   2                      IIC1_SCL=1;
 116   2                      DelayUs(3);     
 117   2                      IIC1_SCL=0;     
 118   2                      DelayUs(3);
 119   2          }    
 120   1      } 
 121          
 122          /*-------------------------------------------------
 123           *  КЏЪ§УћЃКIIC1_Read_Byte
 124           *      ЙІФмЃК  IICЖСвЛИізжНк
 125           *  ЪфШыЃК  Юо
 126           *  ЪфГіЃК  ЖСГіДцДЂЦїРяУцЕФЪ§ОнВЂЗЕЛиreceive
 127           --------------------------------------------------*/
 128           unsigned char IIC1_Read_i,IIC1_Read_receive=0;
 129           static unsigned char IIC1_Read_Byte(void)
 130          {
 131   1              IIC1_Read_receive=0;
 132   1              IIC1_SDA_In();               //SDAЩшжУЮЊЪфШы  
 133   1          for(IIC1_Read_i=0;IIC1_Read_i<8;IIC1_Read_i++ )
 134   1              {
 135   2              IIC1_SCL=0; 
 136   2              DelayUs(3);     
 137   2              IIC1_SCL=1;
 138   2              IIC1_Read_receive<<=1;
 139   2              if(IIC1_SDA)IIC1_Read_receive++;   
 140   2                      DelayUs(3);     
 141   2          }                                    
 142   1          IIC1_NAck();           //ЗЂЫЭnACK
 143   1        
 144   1          return IIC1_Read_receive;
 145   1      }
 146          
 147          
 148          void IIC1_WRITE(unsigned char address,unsigned char dat)
 149          {
 150   1              u8 i=0;
 151   1      IIC1_WRITE_Begin:
 152   1              IIC1_Start();
 153   1              IIC1_Send_Byte(IIC1_ADDRESS0<<1);
 154   1              if(IIC1_Wait_Ack() && i<50)
 155   1          {   
 156   2                      i++;
 157   2                      goto IIC1_WRITE_Begin; 
 158   2          }
 159   1      
 160   1              IIC1_Send_Byte(address);
 161   1              if(IIC1_Wait_Ack() && i<100)
 162   1          {
 163   2                      i++;
 164   2                      goto IIC1_WRITE_Begin; 
 165   2          }
 166   1      
 167   1              IIC1_Send_Byte(dat);
C51 COMPILER V9.59.0.0   IIC                                                               05/14/2025 11:42:24 PAGE 4   

 168   1              if(IIC1_Wait_Ack() && i<150)
 169   1          {
 170   2                      i++;
 171   2                      goto IIC1_WRITE_Begin; 
 172   2          }
 173   1      
 174   1              IIC1_Stop();    
 175   1      }
 176          
 177          unsigned char iicdata = 0;
 178           unsigned char IIC1_READ(unsigned char address)
 179          {
 180   1              u8 i=0;
 181   1              iicdata = 0;
 182   1      IIC1_READ_Begin:
 183   1              IIC1_Start();
 184   1              IIC1_Send_Byte(IIC1_ADDRESS0<<1);
 185   1              if(IIC1_Wait_Ack() && i<50)
 186   1          {
 187   2                      i++;
 188   2                      goto IIC1_READ_Begin;
 189   2          }
 190   1              IIC1_Send_Byte(address);                                //ЬювЊЖСЕФЪ§ОнЕижЗ
 191   1              if(IIC1_Wait_Ack() && i<50)
 192   1          {
 193   2                      i++;
 194   2                      goto IIC1_READ_Begin;
 195   2          }
 196   1              IIC1_Start();
 197   1              IIC1_Send_Byte((IIC1_ADDRESS0<<1)|0x01);
 198   1              if(IIC1_Wait_Ack() && i<50)
 199   1          {
 200   2                      i++;
 201   2                      goto IIC1_READ_Begin;
 202   2          }
 203   1              iicdata=IIC1_Read_Byte();
 204   1              IIC1_Stop();            
 205   1              return iicdata;
 206   1      }
 207          

C51 COMPILATION COMPLETE.  2 WARNING(S),  8 ERROR(S)
