C51 COMPILER V9.59.0.0   IIC_1                                                             02/03/2026 11:17:50 PAGE 1   


C51 COMPILER V9.59.0.0, COMPILATION OF MODULE IIC_1
OBJECT MODULE PLACED IN .\iic_1.obj
COMPILER INVOKED BY: D:\Software\keil_c51\C51\BIN\C51.EXE ..\..\..\IIC\iic_1.c OMF2 OPTIMIZE(8,SPEED) BROWSE INCDIR(../.
                    -./../Library/Include;../../../Library/Source;../../../2_CMSIS;../../../user_com;..\..\..\IIC;..\..\..\DELAY;..\..\..\CON
                    -FIG;..\..\..\SW630X) DEBUG PRINT(.\iic_1.lst) TABS(2) OBJECT(.\iic_1.obj)

line level    source

   1          #include "iic_1.h"
   2          #include "config.h"
   3          
   4          
   5          
   6          
   7          
   8          static void IIC1_Start(void)
   9          {
  10   1        IIC1_SCL_Out();
  11   1        IIC1_SDA_Out();   //Set SDA Output
  12   1        IIC1_SDA = 1;   //SDA HIGH
  13   1        IIC1_SCL = 1;   //SCL HIGH  
  14   1        DelayUs(3);
  15   1        
  16   1        IIC1_SDA = 0;   //SDA LOW //在SCL高电平时拉低SDA
  17   1        DelayUs(3);
  18   1        IIC1_SCL = 0;     //SCL LOW //产生起始信号之后就该拉低SCL，防止数据错误
  19   1      }
  20          
  21          static void IIC1_Stop(void)
  22          {
  23   1        IIC1_SDA_Out();   //Set SDA Output
  24   1        IIC1_SDA = 0;   //SDA LOW
  25   1        IIC1_SCL = 1;   //SCL HIGH
  26   1        DelayUs(3);
  27   1        IIC1_SDA = 1;   //SDA HIGH  在SCL高电平时拉高SDA
  28   1      }
  29          
  30          
  31          /*-------------------------------------------------
  32           *  函数名：IIC1_Wait_Ack
  33           *  功能：  等待应答信号到来
  34           *  输入：  无
  35           *  输出：  返回值：1，接收应答失败
  36           *                  0，接收应答成功
  37           --------------------------------------------------*/
  38             
  39          static unsigned char IIC1_Wait_Ack(void)
  40          {
  41   1        unsigned char i=0;   
  42   1          IIC1_SDA=1;  
  43   1        IIC1_SDA_In();               //SDA设置为输入  
  44   1        
  45   1        DelayUs(3);    
  46   1        IIC1_SCL=1;
  47   1        DelayUs(3);  
  48   1        while(IIC1_SDA)
  49   1        {
  50   2          i++;
  51   2          if(i>250) //等待超时
  52   2          {
  53   3            IIC1_Stop();
C51 COMPILER V9.59.0.0   IIC_1                                                             02/03/2026 11:17:50 PAGE 2   

  54   3            return 1;
  55   3          }
  56   2        }
  57   1        IIC1_SCL=0;            //时钟输出0     
  58   1        return 0;  
  59   1      } 
  60          
  61          /*-------------------------------------------------
  62           *  函数名：IIC1_Ack
  63           *  功能：  产生ACK应答
  64           *  输入：  无
  65           *  输出：  无
  66           --------------------------------------------------*/
  67          //static void IIC1_Ack(void)
  68          //{
  69          //  IIC1_SCL=0;
  70          //  IIC1_SDA_Out();   //Set SDA Output
  71          //  IIC1_SDA=0;
  72          //  DelayUs(3); 
  73          //  IIC1_SCL=1;
  74          //  DelayUs(3); 
  75          //  IIC1_SCL=0;
  76          //}
  77          
  78          /*-------------------------------------------------
  79           *  函数名：IIC1_NAck
  80           *  功能：  不产生ACK应答
  81           *  输入：  无
  82           *  输出：  无
  83           --------------------------------------------------*/     
  84          static void IIC1_NAck(void)
  85          {
  86   1        IIC1_SCL=0;
  87   1        IIC1_SDA_Out();   //Set SDA Output
  88   1        IIC1_SDA=1;
  89   1        DelayUs(3); 
  90   1        IIC1_SCL=1;
  91   1        DelayUs(3); 
  92   1        IIC1_SCL=0;
  93   1      } 
  94          
  95          /*-------------------------------------------------
  96           *  函数名：IIC1_Send_Byte
  97           *  功能：  IIC发送一个字节
  98           *  输入：  写入要发送的一个字节数据txd
  99           *  输出：  无
 100           --------------------------------------------------*/ 
 101           
 102          static void IIC1_Send_Byte(unsigned char txd)
 103          {
 104   1        unsigned char i;
 105   1        IIC1_SDA_Out();   //Set SDA Output 
 106   1          IIC1_SCL=0;            //拉低时钟开始数据传输
 107   1          for(i=0;i<8;i++)
 108   1          {              
 109   2          if(txd&0x80)
 110   2            IIC1_SDA=1;
 111   2          else
 112   2            IIC1_SDA=0;
 113   2          txd<<=1;    
 114   2          DelayUs(3);         
 115   2          IIC1_SCL=1;
C51 COMPILER V9.59.0.0   IIC_1                                                             02/03/2026 11:17:50 PAGE 3   

 116   2          DelayUs(3); 
 117   2          IIC1_SCL=0; 
 118   2          DelayUs(3);
 119   2          }  
 120   1      } 
 121          
 122          /*-------------------------------------------------
 123           *  函数名：IIC1_Read_Byte
 124           *  功能：  IIC读一个字节
 125           *  输入：  无
 126           *  输出：  读出存储器里面的数据并返回receive
 127           --------------------------------------------------*/
 128          
 129           static unsigned char IIC1_Read_Byte(void)
 130          {
 131   1        unsigned char i;
 132   1        unsigned char dat=0;
 133   1        IIC1_SDA_In();               //SDA设置为输入  
 134   1          for(i=0;i<8;i++ )
 135   1        {
 136   2              IIC1_SCL=0; 
 137   2              DelayUs(3); 
 138   2            IIC1_SCL=1;
 139   2              dat<<=1;
 140   2              if(IIC1_SDA)dat++;   
 141   2          DelayUs(3); 
 142   2          }          
 143   1          IIC1_NAck();           //发送nACK
 144   1        
 145   1          return dat;
 146   1      }
 147          
 148          
 149          void IIC1_WRITE(void)
 150          {
 151   1        unsigned char i=0;
 152   1      IIC1_WRITE_Begin:
 153   1        IIC1_Start();
 154   1        IIC1_Send_Byte(IIC1_ADDRESS0<<1);
 155   1        if(IIC1_Wait_Ack() && i<2)
 156   1          {   
 157   2          i++;
 158   2          goto IIC1_WRITE_Begin; 
 159   2          }
 160   1      
 161   1        IIC1_Send_Byte(IIC_ADDRESS);
 162   1        if(IIC1_Wait_Ack() && i<2)
 163   1          {
 164   2              i++;
 165   2          goto IIC1_WRITE_Begin; 
 166   2          }
 167   1      
 168   1        IIC1_Send_Byte(IIC_DAT);
 169   1        if(IIC1_Wait_Ack() && i<2)
 170   1          {
 171   2              i++;
 172   2          goto IIC1_WRITE_Begin; 
 173   2          }
 174   1      
 175   1        IIC1_Stop();  
 176   1      }
 177          
C51 COMPILER V9.59.0.0   IIC_1                                                             02/03/2026 11:17:50 PAGE 4   

 178          void IIC1_READ(void)
 179          {
 180   1        unsigned char i=0;
 181   1      IIC1_READ_Begin:
 182   1        IIC1_Start();
 183   1        IIC1_Send_Byte(IIC1_ADDRESS0<<1);
 184   1        if(IIC1_Wait_Ack() && i<2)
 185   1          {
 186   2          i++;
 187   2          goto IIC1_READ_Begin;
 188   2          }
 189   1        IIC1_Send_Byte(IIC_ADDRESS);        //填要读的数据地址
 190   1        if(IIC1_Wait_Ack() && i<2)
 191   1          {
 192   2          i++;
 193   2          goto IIC1_READ_Begin;
 194   2          }
 195   1        IIC1_Start();
 196   1        IIC1_Send_Byte((IIC1_ADDRESS0<<1)|0x01);
 197   1        if(IIC1_Wait_Ack() && i<2)
 198   1          {
 199   2          i++;
 200   2          goto IIC1_READ_Begin;
 201   2          }
 202   1        IIC_DAT = IIC1_Read_Byte();
 203   1        IIC1_Stop();    
 204   1      
 205   1      }
 206          


MODULE INFORMATION:   STATIC OVERLAYABLE
   CODE SIZE        =    479    ----
   CONSTANT SIZE    =   ----    ----
   XDATA SIZE       =   ----    ----
   PDATA SIZE       =   ----    ----
   DATA SIZE        =   ----       7
   IDATA SIZE       =   ----    ----
   BIT SIZE         =   ----    ----
   EDATA SIZE       =   ----    ----
   HDATA SIZE       =   ----    ----
   XDATA CONST SIZE =   ----    ----
   FAR CONST SIZE   =   ----    ----
END OF MODULE INFORMATION.


C51 COMPILATION COMPLETE.  0 WARNING(S),  0 ERROR(S)
