C51 COMPILER V9.59.0.0   INT                                                               02/03/2026 11:17:49 PAGE 1   


C51 COMPILER V9.59.0.0, COMPILATION OF MODULE INT
OBJECT MODULE PLACED IN .\int.obj
COMPILER INVOKED BY: D:\Software\keil_c51\C51\BIN\C51.EXE ..\src\int.c OMF2 OPTIMIZE(8,SPEED) BROWSE INCDIR(../../../Lib
                    -rary/Include;../../../Library/Source;../../../2_CMSIS;../../../user_com;..\..\..\IIC;..\..\..\DELAY;..\..\..\CONFIG;..\.
                    -.\..\SW630X) DEBUG PRINT(.\int.lst) TABS(2) OBJECT(.\int.obj)

line level    source

   1          #include "Inc_mcu.h"
   2          #include "user_com.h"
   3          #include "config.h"
   4          
   5          
   6          unsigned char int_flay;
   7          void INT0Interrupt() interrupt 0
   8          {
   9   1        if(IOINT0_IF & 0x08) 
  10   1        {
  11   2      //    key_time_flay = 1;
  12   2      //    key_time_1ms = 0;
  13   2          
  14   2          
  15   2          
  16   2        }
  17   1        int_flay = 1;
  18   1        IOINT0_IF=0;
  19   1      }
  20          
  21          
  22          void KEY_Scan(void);
  23          extern void LED_RUN(void);
  24          extern unsigned int VALUE_100_time;
  25          unsigned int PLUG_IN_TIME;
  26          unsigned char TIME_CCH_1MS; 
  27          void INT1Interrupt() interrupt 2
  28          {
  29   1        if(TMR0_IF)
  30   1        {
  31   2          power_time_1ms++;
  32   2          sleep_time_1ms++;
  33   2          LED_time_1ms++;
  34   2          VALUE_100_time++;
  35   2          PLUG_IN_TIME++;
  36   2          TIME_CCH_1MS ++;
  37   2          KEY_Scan();
  38   2          
  39   2          if(key_time_flay)
  40   2          {
  41   3            key_time_1ms++;
  42   3          }
  43   2          LED_RUN();
  44   2          TMR0_IF = 0;
  45   2        }
  46   1        
  47   1      }


MODULE INFORMATION:   STATIC OVERLAYABLE
   CODE SIZE        =    134    ----
   CONSTANT SIZE    =   ----    ----
   XDATA SIZE       =   ----    ----
C51 COMPILER V9.59.0.0   INT                                                               02/03/2026 11:17:49 PAGE 2   

   PDATA SIZE       =   ----    ----
   DATA SIZE        =      4    ----
   IDATA SIZE       =   ----    ----
   BIT SIZE         =   ----    ----
   EDATA SIZE       =   ----    ----
   HDATA SIZE       =   ----    ----
   XDATA CONST SIZE =   ----    ----
   FAR CONST SIZE   =   ----    ----
END OF MODULE INFORMATION.


C51 COMPILATION COMPLETE.  0 WARNING(S),  0 ERROR(S)
