C51 COMPILER V9.59.0.0   SW6301                                                            02/03/2026 11:17:50 PAGE 1   


C51 COMPILER V9.59.0.0, COMPILATION OF MODULE SW6301
OBJECT MODULE PLACED IN .\SW6301.obj
COMPILER INVOKED BY: D:\Software\keil_c51\C51\BIN\C51.EXE ..\..\..\SW630X\SW6301.c OMF2 OPTIMIZE(8,SPEED) BROWSE INCDIR(
                    -../../../Library/Include;../../../Library/Source;../../../2_CMSIS;../../../user_com;..\..\..\IIC;..\..\..\DELAY;..\..\..
                    -\CONFIG;..\..\..\SW630X) DEBUG PRINT(.\SW6301.lst) TABS(2) OBJECT(.\SW6301.obj)

line level    source

   1          #include "SW6301.h"
   2          
   3          
   4          void SW6301_SET_H(void)
   5          {
   6   1        IIC_ADDRESS = 0X24;
   7   1        IIC_DAT = 0X81;
   8   1        SW6301_IIC_WRITE();   
   9   1      }
  10          
  11          void SW6301_SET_L(void)
  12          {
  13   1        IIC_ADDRESS = 0X1FF;
  14   1        IIC_DAT = 0;
  15   1        SW6301_IIC_WRITE();   
  16   1      }
  17          
  18          
  19          void SW6301_SET_OUTPUT_POWER_65W(void)
  20          {
  21   1      
  22   1        
  23   1      //  IIC_ADDRESS = 0X4F;     // 扢离怀堤髡薹
  24   1      //  SW6301_IIC_READ();
  25   1      //  IIC_DAT &= 0x80;
  26   1      //  IIC_DAT |= 65;
  27   1      //  SW6301_IIC_WRITE(); 
  28   1      
  29   1      //  IIC_ADDRESS = 0X2E;     // 
  30   1      //  SW6301_IIC_READ();
  31   1      //  IIC_DAT &= 0XF0;
  32   1      //  IIC_DAT |= (1<<0);      // PD source cap
  33   1      //  SW6301_IIC_WRITE();   
  34   1        
  35   1        
  36   1        
  37   1        
  38   1      }
  39          
  40          void SW6301_SET_INTPUT_POWER_65W(void)
  41          {
  42   1      
  43   1        IIC_ADDRESS = 0X45;     // 扢离怀⻌髡薹
  44   1        SW6301_IIC_READ();
  45   1        IIC_DAT &= 0x80;
  46   1        IIC_DAT |= 65;
  47   1        SW6301_IIC_WRITE();   
  48   1        
  49   1        IIC_ADDRESS = 0X2E;     // 
  50   1        SW6301_IIC_READ();
  51   1        IIC_DAT &= 0XF0;
  52   1        IIC_DAT |= (1<<0);      // PD source cap
  53   1        SW6301_IIC_WRITE(); 
C51 COMPILER V9.59.0.0   SW6301                                                            02/03/2026 11:17:50 PAGE 2   

  54   1      
  55   1      }
  56          
  57          void SW6301_SET_INTPUT_POWER_30W(void)
  58          {
  59   1      
  60   1        IIC_ADDRESS = 0X45;     // 扢离怀⻌髡薹
  61   1        SW6301_IIC_READ();
  62   1        IIC_DAT &= 0x80;
  63   1        IIC_DAT |= 30;
  64   1        SW6301_IIC_WRITE();   
  65   1        
  66   1        IIC_ADDRESS = 0X2E;     // 
  67   1        SW6301_IIC_READ();
  68   1        IIC_DAT &= 0XF0;
  69   1        IIC_DAT |= (1<<0);      // PD source cap
  70   1        SW6301_IIC_WRITE(); 
  71   1      
  72   1      }
  73          
  74          
  75          
  76          void SW6301_SET_GUAN_INT(void)     // 壽喃萇
  77          {
  78   1        IIC_ADDRESS = 0X28;   // 怀⻌髡薹
  79   1        SW6301_IIC_READ();
  80   1        IIC_DAT |= (1<<2);
  81   1        SW6301_IIC_WRITE();   
  82   1      }
  83          
  84          
  85          
  86          void SW6301_SET_KAI_INT(void)     // 羲喃萇
  87          {
  88   1        IIC_ADDRESS = 0X28;   
  89   1        SW6301_IIC_READ();
  90   1        IIC_DAT &= ~(1<<2);
  91   1        SW6301_IIC_WRITE(); 
  92   1      }
  93          
  94          
  95          void SW6301_SET_GUAN_INT_OUT(void)     // 壽喃溫萇
  96          {
  97   1        IIC_ADDRESS = 0X28;   // 怀⻌髡薹
  98   1        SW6301_IIC_READ();
  99   1        IIC_DAT |= (1<<2);
 100   1        IIC_DAT |= (1<<3);
 101   1        SW6301_IIC_WRITE();   
 102   1      }
 103          
 104          
 105          
 106          void SW6301_SET_KAI_INT_OUT(void)     // 羲喃溫萇
 107          {
 108   1        IIC_ADDRESS = 0X28;   
 109   1        SW6301_IIC_READ();
 110   1        IIC_DAT &= ~(1<<2);
 111   1        IIC_DAT &= ~(1<<3);
 112   1        SW6301_IIC_WRITE(); 
 113   1        
 114   1        IIC_ADDRESS = 0X2E;   
 115   1        SW6301_IIC_READ();
C51 COMPILER V9.59.0.0   SW6301                                                            02/03/2026 11:17:50 PAGE 3   

 116   1        IIC_DAT &= 0XF0;
 117   1        IIC_DAT |= (1<<1);
 118   1        SW6301_IIC_WRITE(); 
 119   1      }
 120          
 121          
 122          unsigned int SW6301_GET_VBAT(void)
 123          {
 124   1        unsigned int sta = 0;
 125   1        IIC_ADDRESS = 0X30;
 126   1        SW6301_IIC_READ();
 127   1        IIC_DAT &= 0XE0;
 128   1        IIC_DAT |= 2;
 129   1        SW6301_IIC_WRITE();
 130   1      
 131   1        
 132   1        IIC_ADDRESS = 0X31;
 133   1        SW6301_IIC_READ();
 134   1        sta = IIC_DAT;
 135   1        
 136   1        IIC_ADDRESS = 0X32;
 137   1        SW6301_IIC_READ();
 138   1        sta = ((IIC_DAT&0x0F) << 8) | sta;
 139   1        
 140   1        return sta;
 141   1      }
 142          
 143          
 144          unsigned char SW6301_GET_STASE(void)
 145          {
 146   1        unsigned char sta = 0;
 147   1        IIC_ADDRESS = 0X19;
 148   1        SW6301_IIC_READ();
 149   1        IIC_DAT &= 0X30;
 150   1        if((IIC_DAT & 0x30)==0X20)     // 溫萇硌尨 
 151   1        {
 152   2          sta |= 0X01;
 153   2        }
 154   1        if((IIC_DAT & 0x30)==0X10)     // SINK喃萇
 155   1        {
 156   2          sta |= 0X02;
 157   2        }
 158   1        
 159   1        return sta;
 160   1      }
 161          unsigned char SW_2B_1;
 162          unsigned char SW_2C_1;
 163          unsigned char SW6301_GET_PORT(void)
 164          {
 165   1        unsigned char sta = 0;
 166   1        IIC_ADDRESS = 0X1D;
 167   1        SW6301_IIC_READ();
 168   1        
 169   1        sta = IIC_DAT & 0x31;
 170   1        
 171   1        
 172   1        IIC_ADDRESS = 0X2B;
 173   1        SW6301_IIC_READ();
 174   1        SW_2B_1 = IIC_DAT;
 175   1        
 176   1        if(IIC_DAT & 0x10)
 177   1        {
C51 COMPILER V9.59.0.0   SW6301                                                            02/03/2026 11:17:50 PAGE 4   

 178   2          SW6301_INIT();
 179   2        } 
 180   1        
 181   1        IIC_ADDRESS = 0X2C;
 182   1        SW6301_IIC_READ();
 183   1        SW_2C_1 = IIC_DAT;
 184   1        
 185   1      //  if(IIC_DAT & 0x01)     // 溫萇硌尨
 186   1      //  {
 187   1      //    sta |= 0X01;
 188   1      //  }
 189   1        return sta;
 190   1      }
 191          
 192          
 193          void SW6301_A4_BIT1(void)
 194          {
 195   1        IIC_ADDRESS = 0XA4;
 196   1        SW6301_IIC_READ();
 197   1        IIC_DAT |= (1<<1);
 198   1        IIC_DAT &= ~(1<<0);
 199   1        SW6301_IIC_WRITE(); 
 200   1      }
 201          
 202          void SW6301_A4_BIT0(void)
 203          {
 204   1        IIC_ADDRESS = 0XA4;
 205   1        SW6301_IIC_READ();
 206   1        IIC_DAT |= (1<<0);
 207   1        IIC_DAT &= ~(1<<1);
 208   1        SW6301_IIC_WRITE(); 
 209   1      }
 210          
 211          void SW6301_INPUT_STATUS(unsigned int adc_va,unsigned char VA)
 212          {
 213   1        IIC_ADDRESS = 0XA4;
 214   1        SW6301_IIC_READ();
 215   1        IIC_DAT &= 0XFC;   // 11110011
 216   1        IIC_DAT |= (1<<3);
 217   1        
 218   1        if(VA)
 219   1        {
 220   2          IIC_DAT |= (1<<2);
 221   2          
 222   2          
 223   2          
 224   2          
 225   2        }else
 226   1        {
 227   2          IIC_DAT &= ~(1<<2);
 228   2        }
 229   1        
 230   1        SW6301_IIC_WRITE(); 
 231   1        
 232   1        IIC_ADDRESS = 0XA5;
 233   1        IIC_DAT = adc_va&0xff;
 234   1        SW6301_IIC_WRITE();
 235   1        
 236   1        IIC_ADDRESS = 0XA6;
 237   1        IIC_DAT = (adc_va>>8)&0x0f;
 238   1        SW6301_IIC_WRITE();
 239   1      }
C51 COMPILER V9.59.0.0   SW6301                                                            02/03/2026 11:17:50 PAGE 5   

 240          
 241          unsigned char SW6301_read(void)
 242          {
 243   1        IIC_ADDRESS = 0X99;
 244   1        SW6301_IIC_READ();
 245   1        return IIC_DAT; 
 246   1      }
 247          
 248          unsigned int max_coulomb;
 249          unsigned int Current_max_coulomb;
 250          unsigned char Current_max_coulomb1;
 251          
 252          //unsigned char zuizhongdianliang;
 253          //unsigned char last_zuizhongdianliang;
 254          void GET_Coulomb_meter_VALUE(void)
 255          {
 256   1        max_coulomb = 0;
 257   1        IIC_ADDRESS = 0X86;
 258   1        SW6301_IIC_READ();
 259   1        max_coulomb = IIC_DAT;
 260   1      
 261   1        IIC_ADDRESS = 0X87;
 262   1        SW6301_IIC_READ();
 263   1        max_coulomb = max_coulomb|(IIC_DAT<<8);
 264   1        max_coulomb *= 32.62236;
 265   1        
 266   1        
 267   1        Current_max_coulomb = 0;
 268   1        IIC_ADDRESS = 0X88;
 269   1        SW6301_IIC_READ();  
 270   1        Current_max_coulomb1 = IIC_DAT;
 271   1        
 272   1        IIC_ADDRESS = 0X89;
 273   1        SW6301_IIC_READ();  
 274   1      //  Current_max_coulomb = Current_max_coulomb |(IIC_DAT<<8);
 275   1        Current_max_coulomb = IIC_DAT;
 276   1        
 277   1        IIC_ADDRESS = 0X8A;
 278   1        SW6301_IIC_READ();  
 279   1        
 280   1        Current_max_coulomb = Current_max_coulomb |(IIC_DAT<<8);
 281   1        Current_max_coulomb = Current_max_coulomb*0.07964*25.5+Current_max_coulomb1*0.007964;
 282   1        
 283   1      
 284   1        
 285   1        
 286   1        
 287   1      //  IIC_ADDRESS = 0X94;
 288   1      //  SW6301_IIC_READ();  
 289   1      //  zuizhongdianliang = IIC_DAT;
 290   1      }
 291          
 292          
 293          
 294          unsigned int SW6301_25_FLAY;
 295          void SW6301_GET_RESET(void)
 296          {
 297   1        IIC_ADDRESS = 0X25;
 298   1        SW6301_IIC_READ();
 299   1      
 300   1        if((IIC_DAT & (1<<7)) == 0)
 301   1        {
C51 COMPILER V9.59.0.0   SW6301                                                            02/03/2026 11:17:50 PAGE 6   

 302   2            
 303   2          SW6301_25_FLAY++;
 304   2          SW6301_INIT();
 305   2        
 306   2        }
 307   1        
 308   1      
 309   1      }
 310          
 311          
 312          
 313          
 314          void SW6301_INIT(void)
 315          {
 316   1        IIC_ADDRESS = 0XFF;
 317   1        IIC_DAT = 0X00;
 318   1        SW6301_IIC_WRITE(); 
 319   1        
 320   1        IIC_ADDRESS = 0X23;     // 壽敕腴髡瘧
 321   1        SW6301_IIC_READ();
 322   1        IIC_DAT |= (1<<0);  
 323   1        SW6301_IIC_WRITE(); 
 324   1        
 325   1        DelayUs(10000); 
 326   1        
 327   1        
 328   1        IIC_ADDRESS = 0X24;
 329   1        IIC_DAT = 0X20;
 330   1        SW6301_IIC_WRITE();
 331   1        
 332   1        IIC_DAT = 0X40;
 333   1        SW6301_IIC_WRITE(); 
 334   1      
 335   1        IIC_DAT = 0X80;
 336   1        SW6301_IIC_WRITE(); 
 337   1        
 338   1        IIC_ADDRESS = 0XFF;
 339   1        IIC_DAT = 0X00;
 340   1        SW6301_IIC_WRITE(); 
 341   1      
 342   1        
 343   1        
 344   1        IIC_ADDRESS = 0X25;    // 郋⑵葩弇硌尨
 345   1        SW6301_IIC_READ();   
 346   1        IIC_DAT |= (1<<7); 
 347   1        SW6301_IIC_WRITE();   
 348   1        
 349   1        
 350   1        
 351   1        SW6301_SET_H();    // 离詢弇
 352   1      
 353   1        IIC_ADDRESS = 0X108;     // 
 354   1        SW6301_IIC_READ();
 355   1        IIC_DAT = 0XDC;
 356   1      //  IIC_DAT |= (1<<3);
 357   1      //  IIC_DAT |= (1<<1);  
 358   1      //  IIC_DAT |= (4<<0);    // 4誹
 359   1      //  IIC_DAT |= (6<<4);    // 3.65V
 360   1        SW6301_IIC_WRITE(); 
 361   1      
 362   1        IIC_ADDRESS = 0X116;     // NTC徹恲悵誘
 363   1        SW6301_IIC_READ();
C51 COMPILER V9.59.0.0   SW6301                                                            02/03/2026 11:17:50 PAGE 7   

 364   1        IIC_DAT |= (1<<4);       // 輦砦
 365   1        SW6301_IIC_WRITE(); 
 366   1        
 367   1        IIC_ADDRESS = 0X103;   // 
 368   1        SW6301_IIC_READ();
 369   1        IIC_DAT &= 0XF0;      //
 370   1        IIC_DAT |= 0x07;      //
 371   1        SW6301_IIC_WRITE();
 372   1        
 373   1        
 374   1        IIC_ADDRESS = 0X100;   // 
 375   1        SW6301_IIC_READ();
 376   1        IIC_DAT &= ~(1<<7);     // 妏夔殿萸箝恲遠
 377   1        IIC_DAT &= ~(7<<4);     
 378   1        IIC_DAT |= (1<<4);      // 箝恲遠蓒硉  70僅
 379   1        SW6301_IIC_WRITE(); 
 380   1        
 381   1      
 382   1      //  IIC_ADDRESS = 0X101;   // 
 383   1      //  SW6301_IIC_READ();
 384   1      //  IIC_DAT &= ~(3<<4);
 385   1      //  IIC_DAT |= (1<<4);
 386   1      //  SW6301_IIC_WRITE();
 387   1      
 388   1        IIC_ADDRESS = 0X10D;   // 
 389   1        SW6301_IIC_READ();
 390   1        IIC_DAT &= ~(3<<6);      //
 391   1        IIC_DAT |= (2<<6);      //
 392   1        SW6301_IIC_WRITE();
 393   1        
 394   1        
 395   1        IIC_ADDRESS = 0X14B;     // only source
 396   1        SW6301_IIC_READ();
 397   1        IIC_DAT &= ~(3<<6);    
 398   1        IIC_DAT |= (1<<6);    
 399   1        SW6301_IIC_WRITE();   
 400   1        
 401   1        
 402   1        
 403   1        IIC_ADDRESS = 0X155;     // 溫萇62368腴恲悵誘
 404   1        SW6301_IIC_READ();
 405   1        IIC_DAT |= (1<<7);      // 輦砦
 406   1        SW6301_IIC_WRITE(); 
 407   1        
 408   1        IIC_ADDRESS = 0X156;     // 
 409   1        SW6301_IIC_READ();
 410   1        IIC_DAT |= (1<<0);      // 喃萇62368腴恲悵誘  輦砦
 411   1        IIC_DAT |= (1<<1);      // 喃萇62368詢恲悵誘  輦砦
 412   1        IIC_DAT |= (1<<2);      // 喃萇NTC徹恲悵誘    輦砦
 413   1        SW6301_IIC_WRITE(); 
 414   1        
 415   1        IIC_ADDRESS = 0X118;     // 
 416   1        SW6301_IIC_READ();
 417   1        IIC_DAT &= ~(1<<2);      // C諳諾婥妏夔
 418   1        SW6301_IIC_WRITE(); 
 419   1        
 420   1        IIC_ADDRESS = 0X119;     // 
 421   1        SW6301_IIC_READ();
 422   1        IIC_DAT &= ~(7<<0);      // 
 423   1        IIC_DAT |= (1<<0);      //   8s
 424   1        SW6301_IIC_WRITE();
 425   1        
C51 COMPILER V9.59.0.0   SW6301                                                            02/03/2026 11:17:50 PAGE 8   

 426   1        IIC_ADDRESS = 0X135;     // 
 427   1        SW6301_IIC_READ();
 428   1        IIC_DAT |= (1<<0);      //祥輦砦PPS
 429   1        IIC_DAT |= (1<<3);      // PPS忒雄扢离
 430   1        SW6301_IIC_WRITE();
 431   1        
 432   1        IIC_ADDRESS = 0X134;
 433   1        SW6301_IIC_READ();
 434   1        IIC_DAT |= (1<<2);    // 輦 PPS0
 435   1        IIC_DAT |= (1<<4);    // 輦 PPS2
 436   1        IIC_DAT |= (1<<5);    // 輦 PPS3
 437   1        SW6301_IIC_WRITE();     
 438   1        
 439   1        IIC_ADDRESS = 0X140;
 440   1        IIC_DAT = 0;
 441   1        IIC_DAT |= (1<<7);      // PPS箝髡薹
 442   1        IIC_DAT |= 100;     // 5A
 443   1        SW6301_IIC_WRITE(); 
 444   1        
 445   1        IIC_ADDRESS = 0X123;     // 
 446   1        SW6301_IIC_READ();
 447   1        IIC_DAT = 0;
 448   1        IIC_DAT |= (1<<0);      //FCP郔詢萇揤 9V
 449   1        IIC_DAT |= (1<<1);      //AFC郔詢萇揤 9V
 450   1        IIC_DAT |= (1<<2);      //QC3郔詢萇揤 12V
 451   1        IIC_DAT |= (0<<4);      //QC2郔詢萇揤 12V
 452   1        IIC_DAT |= (1<<6);      // QC3+ 27W
 453   1        SW6301_IIC_WRITE(); 
 454   1        
 455   1        
 456   1        IIC_ADDRESS = 0X150;     // 偌瑩
 457   1        SW6301_IIC_READ();
 458   1        IIC_DAT |= (1<<0);      
 459   1        IIC_DAT |= (1<<1);      
 460   1        IIC_DAT |= (1<<2);      
 461   1        SW6301_IIC_WRITE(); 
 462   1      
 463   1      
 464   1      
 465   1        IIC_ADDRESS = 0X151;     // 偌瑩
 466   1        SW6301_IIC_READ();
 467   1        IIC_DAT |= (7<<4);           
 468   1        SW6301_IIC_WRITE(); 
 469   1        
 470   1        
 471   1        IIC_ADDRESS = 0X122;     // 
 472   1        SW6301_IIC_READ();
 473   1        IIC_DAT &= ~(3<<6);
 474   1        IIC_DAT |= (1<<6);       // DPDM   30W
 475   1        SW6301_IIC_WRITE(); 
 476   1        
 477   1        IIC_ADDRESS = 0X12D;     // 
 478   1        SW6301_IIC_READ();
 479   1        IIC_DAT |= (1<<3);      // UFCS 敵湔け諷秶
 480   1        IIC_DAT |= (1<<4);      //UFCS source 20v 褫晤最紫弇妏夔  壽敕
 481   1        SW6301_IIC_WRITE();   
 482   1      
 483   1        IIC_ADDRESS = 0X12E;     // 
 484   1        SW6301_IIC_READ();
 485   1        IIC_DAT &= 0X80;
 486   1        IIC_DAT |= 60;      // UFCS 5V萇霜扢离   50mA/step
 487   1        SW6301_IIC_WRITE(); 
C51 COMPILER V9.59.0.0   SW6301                                                            02/03/2026 11:17:50 PAGE 9   

 488   1        
 489   1      //  IIC_ADDRESS = 0X14E;     // 
 490   1      //  SW6301_IIC_READ();
 491   1      //  IIC_DAT &= ~(1<<7);
 492   1      //  IIC_DAT |= (1<<4);      // 
 493   1      //  SW6301_IIC_WRITE(); 
 494   1        
 495   1        IIC_ADDRESS = 0X12F;     // 
 496   1        SW6301_IIC_READ();
 497   1        IIC_DAT &= 0X80;
 498   1        IIC_DAT |= 60;      // UFCS 10V萇霜扢离   50mA/step
 499   1        SW6301_IIC_WRITE();
 500   1        
 501   1        
 502   1        SW6301_SET_L();        // ピ腴弇
 503   1        
 504   1        
 505   1        IIC_ADDRESS = 0X40;
 506   1        SW6301_IIC_READ();
 507   1        IIC_DAT |= (1<<1);     // 46~47 諷秶喃萇醴梓萇揤
 508   1        IIC_DAT |= (1<<2);     // 怀⻌
 509   1        IIC_DAT |= (1<<7); 
 510   1        SW6301_IIC_WRITE();
 511   1      
 512   1        IIC_ADDRESS = 0X46;    //  喃萇醴梓萇揤腴匐弇
 513   1        SW6301_IIC_READ();   
 514   1        IIC_DAT = 0X91; 
 515   1        SW6301_IIC_WRITE(); 
 516   1        
 517   1        IIC_ADDRESS = 0X47;     // 喃萇醴梓萇揤詢侐弇
 518   1        SW6301_IIC_READ();
 519   1        IIC_DAT &= 0xE0;
 520   1        IIC_DAT |= 0X05;
 521   1        SW6301_IIC_WRITE();   
 522   1      
 523   1        
 524   1        IIC_ADDRESS = 0X45;     // 扢离怀⻌髡薹
 525   1        SW6301_IIC_READ();
 526   1        IIC_DAT &= 0x80;
 527   1        IIC_DAT |= 65;
 528   1        SW6301_IIC_WRITE(); 
 529   1        
 530   1        IIC_ADDRESS = 0X4F;     // 扢离怀堤髡薹
 531   1        SW6301_IIC_READ();
 532   1        IIC_DAT &= 0x80;
 533   1        IIC_DAT |= 65;
 534   1        SW6301_IIC_WRITE();   
 535   1        
 536   1        
 537   1      //  IIC_ADDRESS = 0X2E;     // 
 538   1      //  SW6301_IIC_READ();
 539   1      //  IIC_DAT &= 0XF0;
 540   1      //  IIC_DAT |= (1<<0);      // PD source cap
 541   1      //  SW6301_IIC_WRITE(); 
 542   1      //  
 543   1      //  IIC_ADDRESS = 0X2F;     // 
 544   1      //  SW6301_IIC_READ();
 545   1      //  IIC_DAT |= (1<<0);      // UFCS source cap
 546   1      //  SW6301_IIC_WRITE(); 
 547   1      }
 548          
 549          
C51 COMPILER V9.59.0.0   SW6301                                                            02/03/2026 11:17:50 PAGE 10  

 550          
 551          
 552          
 553          
 554          
 555          
 556          
 557          
 558          
 559          
 560          
 561          
 562          
 563          
 564          
 565          
 566          
 567          
 568          
 569          
 570          
 571          
 572          
 573          
 574          
 575          
 576          
 577          
 578          
 579          
 580          
 581          
 582          
 583          
 584          
 585          
 586          
 587          
 588          
 589          
 590          
 591          
 592          
 593          
 594          
 595          
 596          
 597          
 598          
 599          
 600          
 601          
 602          
 603          
 604          
 605          
 606          
 607          
 608          
 609          
 610          
 611          
C51 COMPILER V9.59.0.0   SW6301                                                            02/03/2026 11:17:50 PAGE 11  

 612          
 613          
 614          
 615          
 616          
 617          
 618          
 619          
 620          
 621          
 622          
 623          
 624          
 625          
 626          
 627          
 628          
 629          
 630          
 631          
 632          
 633          
 634          
 635          


MODULE INFORMATION:   STATIC OVERLAYABLE
   CODE SIZE        =   1012    ----
   CONSTANT SIZE    =   ----    ----
   XDATA SIZE       =   ----    ----
   PDATA SIZE       =   ----    ----
   DATA SIZE        =      9       7
   IDATA SIZE       =   ----    ----
   BIT SIZE         =   ----    ----
   EDATA SIZE       =   ----    ----
   HDATA SIZE       =   ----    ----
   XDATA CONST SIZE =   ----    ----
   FAR CONST SIZE   =   ----    ----
END OF MODULE INFORMATION.


C51 COMPILATION COMPLETE.  0 WARNING(S),  0 ERROR(S)
