C51 COMPILER V9.59.0.0   SYS                                                               05/14/2025 10:56:03 PAGE 1   


C51 COMPILER V9.59.0.0, COMPILATION OF MODULE SYS
OBJECT MODULE PLACED IN sys.OBJ
COMPILER INVOKED BY: D:\Software\keil_c51\C51\BIN\C51.EXE sys.c OMF2 OPTIMIZE(8,SPEED) BROWSE INCDIR(../../../Library/In
                    -clude;../../../Library/Source;../../../2_CMSIS;../../../user_com;..\..\..\IIC) DEBUG

line level    source

   1          #include "Inc_mcu.h"
   2          #include "user_com.h"
   3          #include "IIC.h"
   4          #include "LED.h"
   5          u8 KEY_CNT_FLAG = 0;
   6          u8 OFF_BOOST = 0;
   7          
   8          #define N 12
   9          
  10          void PowerOn_Chk()
  11          {
  12   1              
  13   1                      R_Address=0x20; //使能IIC调压
  14   1                      IIC_ReadByte();
  15   1                      R_Value &= 0xFE;
  16   1                      IIC_WriteByte();      //12V
  17   1                      
  18   1                      R_Address=0x27; //
  19   1                      IIC_ReadByte();
  20   1                      R_Value |= 0x20;
  21   1                      IIC_WriteByte();        // 5.9 V
  22   1              
  23   1              
  24   1                      R_Address=0x32; //
  25   1                      IIC_ReadByte();
  26   1                      R_Value |= (1<<7);
  27   1                      R_Value |= (1<<6);
  28   1                      IIC_WriteByte();      //
  29   1              
  30   1              
  31   1                      R_Address=0x20; //
  32   1                      IIC_ReadByte();
  33   1                      R_Value |= (1<<2);
  34   1                      IIC_WriteByte();      //        
  35   1      
  36   1              
  37   1                      R_Address=0x23; //放电 VBUS 输出电压设置高 8bits
  38   1                      R_Value = 0x70;
  39   1                      IIC_WriteByte();        
  40   1              
  41   1                      R_Address=0x24; //放电 VBUS 输出电压设置低 3bits
  42   1                      IIC_ReadByte();
  43   1                      R_Value &= 0xF8;
  44   1                      R_Value |= 0x04;
  45   1                      IIC_WriteByte();      //12V
  46   1              
  47   1                      R_Address=0x25; //放电 VBUS 输出限流设置
  48   1                      IIC_ReadByte();
  49   1                      R_Value = 0x1E;
  50   1                      IIC_WriteByte();      //500mA+Ibus_dischg[6:0]*50mA    2A
  51   1              
  52   1                      R_Address=0x18; //A1 口负载接入检测使能
  53   1                      IIC_ReadByte();
  54   1                      R_Value = 0x10;
C51 COMPILER V9.59.0.0   SYS                                                               05/14/2025 10:56:03 PAGE 2   

  55   1                      IIC_WriteByte(); //关机低功耗模式使能 禁止
  56   1      
  57   1                      
  58   1                      R_Address=0x22; //Indetb 和 power 绑定使能
  59   1                      IIC_ReadByte();
  60   1                      R_Value |= 0x02;
  61   1                      IIC_WriteByte();      //不绑定
  62   1                      
  63   1                      R_Address=0x30; //充电设置 1
  64   1                      IIC_ReadByte();
  65   1                      R_Value |= 0x01;
  66   1                      IIC_WriteByte();      //电池节数 2
  67   1                      
  68   1                      R_Address=0x34; //充电设置 1
  69   1                      IIC_ReadByte();
  70   1                      R_Value = 0x43;
  71   1                      IIC_WriteByte();      //8.4v
  72   1                      
  73   1                      R_Address=0x35; //充电设置 1
  74   1                      IIC_ReadByte();
  75   1                      R_Value = 0x04;
  76   1                      IIC_WriteByte();      //8.4v
  77   1                      
  78   1                      R_Address=0x36; //涓流电压设置
  79   1                      IIC_ReadByte();
  80   1                      R_Value = 0x22;
  81   1                      IIC_WriteByte();      //5.9V
  82   1                      
  83   1                      R_Address=0x37;//涓流电流设置
  84   1                      IIC_ReadByte();
  85   1                      R_Value = 0x00;
  86   1                      IIC_WriteByte();     
  87   1                      
  88   1                      R_Address=0x38;//充电 VBUS 欠压设置
  89   1                      IIC_ReadByte();
  90   1                      R_Value = 0x05;
  91   1                      IIC_WriteByte(); // 4.5V
  92   1      
  93   1                      R_Address=0x39; //充电 VBUS 输入限流设置
  94   1                      R_Value = 0x18;
  95   1                      IIC_WriteByte();      //4A    2A /2A
  96   1                      
  97   1                      R_Address=0x3A; //充电 VBUS 输入限流设置
  98   1                      R_Value = 0x77;
  99   1                      IIC_WriteByte();      //12A     
 100   1                      
 101   1                      
 102   1                      R_Address=0x10; //ADC 配置
 103   1                      IIC_ReadByte();                 
 104   1                      R_Value &= 0XEF;                
 105   1                      IIC_WriteByte();
 106   1                      
 107   1                      
 108   1      }
 109          u8 VBAT_H8,VBAT_L4;
 110          u8 Vbus_H8,Vbus_L4;
 111          u32 VBAT_Temp,VBAT_Temp1,ADC_BUFF_CNT,ADC_BUFF_CNT1,ADC_BUFF_CNT2,ADC_BUFF_CNT3;
 112          u32 Vbus_Temp;
 113          bit f_BAT_temp,f_charge,dis_charge;
 114          bit only_one;
 115          u32 ADC_LED_VBAT,ADC_LED_VBAT1;
 116          u8 time_400ms;
C51 COMPILER V9.59.0.0   SYS                                                               05/14/2025 10:56:03 PAGE 3   

 117          u32 SUM = 0;
 118          u8 count=0;
 119          
 120          u8 VBUS_H8_VOL;
 121          u8 VBUS_L4_VOL;
 122          u32 VBUS_TEMP_VOL;
 123          u32 VBUS_SUM_VOL=0;
 124          u32 VBUS_count_VOL;
 125          u32 VBUS_OUT_VOL;
 126          
 127          void SW6124_Status_Read()
 128          {               
 129   1                      R_Address=0x10; //ADC 配置
 130   1                      IIC_ReadByte();
 131   1                      R_Value &= 0x30;   // 4~5位不动   0B0011 0000 
 132   1                      R_Value = 0xC0;
 133   1                      IIC_WriteByte();  //：VBAT 电压（VBAT= adc_data[11:0]*7.5mV）
 134   1              
 135   1                      R_Address=0x11; //ADC 数据高 8bits
 136   1                      IIC_ReadByte();
 137   1                      VBAT_H8  = R_Value;
 138   1              
 139   1                      R_Address=0x12; //ADC 数据低 4bit
 140   1                      IIC_ReadByte();
 141   1                      VBAT_L4 = R_Value;
 142   1              
 143   1                                      VBAT_Temp1  =  VBAT_H8 << 4; 
 144   1                                      VBAT_Temp1 |=  VBAT_L4;
 145   1                                      VBAT_Temp1 *=  7.5;     
 146   1                                      SUM += VBAT_Temp1;
 147   1                                      count++;
 148   1              
 149   1              ADC_BUFF_CNT = VBAT_Temp;
 150   1              ADC_BUFF_CNT1   =       ADC_BUFF_CNT;
 151   1              
 152   1                      if(count == 12)
 153   1                      {
 154   2                                      VBAT_Temp = SUM / 12;
 155   2                      }
 156   1                      if(count == 13)
 157   1                      {
 158   2                                      SUM = 0;
 159   2                                      count = 0;
 160   2      
 161   2                      }
 162   1                      
 163   1                      
 164   1                      R_Address=0x10; //ADC 配置
 165   1                      IIC_ReadByte();
 166   1                      R_Value &= 0x30;   // 4~5位不动   0B0011 0000  
 167   1                      R_Value |= 0xC1;
 168   1                      IIC_WriteByte();  //：VBUS 电压（VBUS= adc_data[11:0]*7.5mV）
 169   1                      
 170   1                      R_Address=0x11; //ADC 数据高 8bits
 171   1                      IIC_ReadByte();
 172   1                      VBUS_H8_VOL  = R_Value; 
 173   1      
 174   1                      R_Address=0x12; //ADC 数据低 4bit
 175   1                      IIC_ReadByte();
 176   1                      VBUS_L4_VOL = R_Value;  
 177   1                      VBUS_TEMP_VOL = VBUS_H8_VOL << 4;
 178   1                      VBUS_TEMP_VOL |= VBUS_L4_VOL;
C51 COMPILER V9.59.0.0   SYS                                                               05/14/2025 10:56:03 PAGE 4   

 179   1                      VBUS_TEMP_VOL *= 7.5;
 180   1                      VBUS_SUM_VOL += VBUS_TEMP_VOL;
 181   1                      VBUS_count_VOL++;
 182   1                      
 183   1                      if(VBUS_count_VOL == 12)
 184   1                      {
 185   2                                      VBUS_OUT_VOL = VBUS_SUM_VOL/12;
 186   2                      
 187   2                      }
 188   1                      if(VBUS_count_VOL == 13)
 189   1                      {
 190   2                                      VBUS_count_VOL = 0;
 191   2                                      VBUS_SUM_VOL = 0;
 192   2                      }       
 193   1      
 194   1                              if(VBUS_OUT_VOL <11500)  // 11.5V
 195   1                              {
 196   2                                      
 197   2                                              R_Address=0x39; //充电 VBUS 输入限流设置
 198   2                                              R_Value = 0x00;
 199   2                                              IIC_WriteByte();      //   500mA /00                    
 200   2                              
 201   2                              }else if(VBUS_OUT_VOL > 11800)  // 11.5V
 202   1                              {
 203   2                                              R_Address=0x39; //充电 VBUS 输入限流设置
 204   2                                              R_Value = 0x18;
 205   2                                              IIC_WriteByte();      //                1800mA / 1A
 206   2                              
 207   2                              }
 208   1                                      
 209   1      
 210   1                      R_Address=0x06; //状态指示
 211   1                      IIC_ReadByte();
 212   1                      if(R_Value & 0x80)
 213   1                      {
 214   2                                      f_charge = 1;  //充电标志位
 215   2                      }
 216   1                      else f_charge = 0;
 217   1                                              
 218   1                      if(PB1)    //插入检测
 219   1                      {
 220   2                                      DC_EN = 1;   //充电使能
 221   2                                      R_Address=0x19; //工作模式控制
 222   2                                      IIC_ReadByte();
 223   2                                      R_Value &= 0xFD;
 224   2                                      R_Value |= 0x06;
 225   2                                      IIC_WriteByte();  //GATEA ON  GATEB ON
 226   2                                      IIC_ReadByte();
 227   2                              
 228   2                                      R_Address=0x0D; //工作模式控制
 229   2                                      R_Value = 0x10;
 230   2                                      IIC_WriteByte();  //打开充电 关闭放电
 231   2                                      IIC_ReadByte();                                 
 232   2                      }
 233   1                      else 
 234   1                      {
 235   2                                      if(VBAT_Temp > 5900)
 236   2                                      {
 237   3                                              
 238   3                                                      DC_EN = 0;
 239   3                                                      
 240   3                                                      
C51 COMPILER V9.59.0.0   SYS                                                               05/14/2025 10:56:03 PAGE 5   

 241   3                                                      R_Address=0x19; //工作模式控制
 242   3                                                      IIC_ReadByte();
 243   3                                                      R_Value &= 0xFB;
 244   3                                                      R_Value |= 0x02;
 245   3                                                      IIC_WriteByte();  //GATEA1 ON   GATEB OFF               
 246   3      
 247   3                                                      R_Address=0x0D; //工作模式控制
 248   3                                                      R_Value = 0x11;
 249   3                                                      IIC_WriteByte();  //打开放电 关闭充电
 250   3                                              
 251   3                                      }else
 252   2                                      {
 253   3                                                      R_Address=0x0D; //工作模式控制
 254   3                                                      R_Value = 0x00;
 255   3                                                      IIC_WriteByte();  //打关闭放电 关闭充电
 256   3                                      
 257   3                                      }
 258   2      
 259   2                              
 260   2                      }
 261   1                      
 262   1                      
 263   1                      R_Address=0x10; //ADC 配置
 264   1                      IIC_ReadByte();
 265   1                      R_Value = 0xC7;
 266   1                      IIC_WriteByte();  //：：VBUS放电电流（IBUS_DISCHG= adc_data[11:0]*5mA）
 267   1                      
 268   1                      R_Address=0x11; //ADC 数据高 8bits
 269   1                      IIC_ReadByte();
 270   1                      Vbus_H8  = R_Value;
 271   1              
 272   1                      R_Address=0x12; //ADC 数据低 4bit
 273   1                      IIC_ReadByte();
 274   1                      Vbus_L4 = R_Value;
 275   1                      
 276   1                      Vbus_Temp  =  Vbus_H8 << 4; 
 277   1                      Vbus_Temp |=  Vbus_L4;
 278   1                      Vbus_Temp *=  5;        
 279   1                      
 280   1                      if(Vbus_Temp <= 50)                     // 小于50mA
 281   1                      {
 282   2                                              dis_charge = 0;
 283   2                      }
 284   1                      else if(Vbus_Temp >= 100)
 285   1                      {
 286   2                                              dis_charge = 1;
 287   2                      }
 288   1              
 289   1      }


MODULE INFORMATION:   STATIC OVERLAYABLE
   CODE SIZE        =   1048    ----
   CONSTANT SIZE    =   ----    ----
   XDATA SIZE       =   ----    ----
   PDATA SIZE       =   ----    ----
   DATA SIZE        =     66    ----
   IDATA SIZE       =   ----    ----
   BIT SIZE         =      4    ----
   EDATA SIZE       =   ----    ----
   HDATA SIZE       =   ----    ----
   XDATA CONST SIZE =   ----    ----
C51 COMPILER V9.59.0.0   SYS                                                               05/14/2025 10:56:03 PAGE 6   

   FAR CONST SIZE   =   ----    ----
END OF MODULE INFORMATION.


C51 COMPILATION COMPLETE.  0 WARNING(S),  0 ERROR(S)
