C51 COMPILER V9.59.0.0   USER_COM                                                          02/03/2026 11:17:49 PAGE 1   


C51 COMPILER V9.59.0.0, COMPILATION OF MODULE USER_COM
OBJECT MODULE PLACED IN .\user_com.obj
COMPILER INVOKED BY: D:\Software\keil_c51\C51\BIN\C51.EXE ..\..\user_com\user_com.c OMF2 OPTIMIZE(8,SPEED) BROWSE INCDIR
                    -(../../../Library/Include;../../../Library/Source;../../../2_CMSIS;../../../user_com;..\..\..\IIC;..\..\..\DELAY;..\..\.
                    -.\CONFIG;..\..\..\SW630X) DEBUG PRINT(.\user_com.lst) TABS(2) OBJECT(.\user_com.obj)

line level    source

   1          /*********************************************************
   2          *Copyright (C)
   3          *őńľĢ√Ż:
   4          *◊ų  ’Ŗ:
   5          *įś  Īĺ:  V1.00
   6          *»’  ∆ŕ:
   7          *√Ť   Ų:
   8          *Īł  ◊Ę:
   9          **********************************************************/
  10          #include "Inc_mcu.h"
  11          /***********************1ms—” ĪļĮ ż*****************************/
  12          void delay_1ms(unsigned int q)
  13          {
  14   1        unsigned int i,j;
  15   1        for(i=0; i<q; i++)
  16   1          for(j=0; j<200; j++);
  17   1                  CLR_WDT;
  18   1      }
  19          
  20          /***********************P12įīľŁ*****************************/
  21          void key_and_dis(unsigned char q)
  22          {
  23   1        unsigned char i,j;
  24   1      
  25   1        j = 0;
  26   1        q = q<<4;
  27   1        P1 = 0;
  28   1        while (j < 7)
  29   1        {
  30   2          j = 0;
  31   2          P0 = P0^q;
  32   2          for (i=0; i <10; i = i+1)
  33   2          {
  34   3            if (P1_2==1)
  35   3            {
  36   4              j = j +1;
  37   4            }
  38   3            delay_1ms(10);
  39   3          }
  40   2        }
  41   1        j = 0;
  42   1        while (j < 7)
  43   1        {
  44   2          j = 0;
  45   2          for (i=0; i <10; i = i+1)
  46   2          {
  47   3            if (P1_2==0)
  48   3            {
  49   4              j = j +1;
  50   4            }
  51   3            delay_1ms(10) ;
  52   3          }
  53   2        }
C51 COMPILER V9.59.0.0   USER_COM                                                          02/03/2026 11:17:49 PAGE 2   

  54   1      }
  55          
  56          /***********************Ō‘ ĺ–ÚļŇ*****************************/
  57          void  P07_P04_DIS(unsigned char q)
  58          {
  59   1        unsigned char i;
  60   1        q = q<<4;
  61   1        P0 = 0;
  62   1        for (i=0; i <10; i = i+1)
  63   1        {
  64   2          P0 = P0^q;
  65   2          delay_1ms(1000) ;
  66   2        }
  67   1      }
  68          
  69          void p1_step_dis(unsigned char q)
  70          {
  71   1        unsigned char i;
  72   1        q = q<<1;
  73   1        P1 = 0;
  74   1        for (i=0; i <10; i = i+1)
  75   1        {
  76   2          P1 = P1^q;
  77   2          delay_1ms(1000) ;
  78   2        }
  79   1      }
  80          
  81          /***********************P12įīľŁ*****************************/
  82          void key_bit(void)
  83          {
  84   1        unsigned char i,j;
  85   1      
  86   1        j = 0;
  87   1        while (j < 7)
  88   1        {
  89   2          j = 0;
  90   2          for (i=0; i <10; i = i+1)
  91   2          {
  92   3            if (P1_2==1)
  93   3            {
  94   4              j = j +1;
  95   4            }
  96   3            delay_1ms(50);
  97   3          }
  98   2        }
  99   1        j = 0;
 100   1        while (j < 7)
 101   1        {
 102   2          j = 0;
 103   2          for (i=0; i <10; i = i+1)
 104   2          {
 105   3            if (P1_2==0)
 106   3            {
 107   4              j = j +1;
 108   4            }
 109   3            delay_1ms(50) ;
 110   3          }
 111   2        }
 112   1      }
 113          
 114          /***********************P12įīľŁ*****************************/
 115          void key2_bit(void)
C51 COMPILER V9.59.0.0   USER_COM                                                          02/03/2026 11:17:49 PAGE 3   

 116          {
 117   1        unsigned char i,j;
 118   1      
 119   1        j = 0;
 120   1        while (j < 7)
 121   1        {
 122   2          j = 0;
 123   2          for (i=0; i <10; i = i+1)
 124   2          {
 125   3            if (P1_0==1)
 126   3            {
 127   4              j = j +1;
 128   4            }
 129   3            delay_1ms(50);
 130   3          }
 131   2        }
 132   1        j = 0;
 133   1        while (j < 7)
 134   1        {
 135   2          j = 0;
 136   2          for (i=0; i <10; i = i+1)
 137   2          {
 138   3            if (P1_0==0)
 139   3            {
 140   4              j = j +1;
 141   4            }
 142   3            delay_1ms(50) ;
 143   3          }
 144   2        }
 145   1      }


MODULE INFORMATION:   STATIC OVERLAYABLE
   CODE SIZE        =    376    ----
   CONSTANT SIZE    =   ----    ----
   XDATA SIZE       =   ----    ----
   PDATA SIZE       =   ----    ----
   DATA SIZE        =   ----       6
   IDATA SIZE       =   ----    ----
   BIT SIZE         =   ----    ----
   EDATA SIZE       =   ----    ----
   HDATA SIZE       =   ----    ----
   XDATA CONST SIZE =   ----    ----
   FAR CONST SIZE   =   ----    ----
END OF MODULE INFORMATION.


C51 COMPILATION COMPLETE.  0 WARNING(S),  0 ERROR(S)
